{"C:\\Users\\ASUS\\Desktop\\New folder\\eBook\\backend\\controller\\aiController.js": {"path":"C:\\Users\\ASUS\\Desktop\\New folder\\eBook\\backend\\controller\\aiController.js","statementMap":{"0":{"start":{"line":1,"column":24},"end":{"line":1,"column":48}},"1":{"start":{"line":2,"column":11},"end":{"line":2,"column":66}},"2":{"start":{"line":8,"column":28},"end":{"line":69,"column":1}},"3":{"start":{"line":9,"column":4},"end":{"line":68,"column":5}},"4":{"start":{"line":10,"column":64},"end":{"line":10,"column":72}},"5":{"start":{"line":11,"column":8},"end":{"line":13,"column":9}},"6":{"start":{"line":12,"column":12},"end":{"line":12,"column":74}},"7":{"start":{"line":15,"column":23},"end":{"line":42,"column":9}},"8":{"start":{"line":43,"column":25},"end":{"line":46,"column":10}},"9":{"start":{"line":47,"column":21},"end":{"line":47,"column":34}},"10":{"start":{"line":50,"column":27},"end":{"line":50,"column":44}},"11":{"start":{"line":51,"column":25},"end":{"line":51,"column":46}},"12":{"start":{"line":52,"column":8},"end":{"line":54,"column":9}},"13":{"start":{"line":53,"column":12},"end":{"line":53,"column":84}},"14":{"start":{"line":55,"column":27},"end":{"line":55,"column":67}},"15":{"start":{"line":58,"column":8},"end":{"line":64,"column":9}},"16":{"start":{"line":59,"column":28},"end":{"line":59,"column":50}},"17":{"start":{"line":60,"column":12},"end":{"line":60,"column":46}},"18":{"start":{"line":62,"column":12},"end":{"line":62,"column":73}},"19":{"start":{"line":63,"column":12},"end":{"line":63,"column":81}},"20":{"start":{"line":66,"column":8},"end":{"line":66,"column":69}},"21":{"start":{"line":67,"column":8},"end":{"line":67,"column":87}},"22":{"start":{"line":74,"column":31},"end":{"line":112,"column":1}},"23":{"start":{"line":75,"column":4},"end":{"line":111,"column":5}},"24":{"start":{"line":76,"column":67},"end":{"line":76,"column":75}},"25":{"start":{"line":77,"column":8},"end":{"line":79,"column":9}},"26":{"start":{"line":78,"column":12},"end":{"line":78,"column":82}},"27":{"start":{"line":80,"column":23},"end":{"line":102,"column":39}},"28":{"start":{"line":103,"column":25},"end":{"line":106,"column":10}},"29":{"start":{"line":107,"column":8},"end":{"line":107,"column":57}},"30":{"start":{"line":109,"column":8},"end":{"line":109,"column":69}},"31":{"start":{"line":110,"column":8},"end":{"line":110,"column":87}},"32":{"start":{"line":114,"column":0},"end":{"line":114,"column":65}}},"fnMap":{"0":{"name":"(anonymous_0)","decl":{"start":{"line":8,"column":28},"end":{"line":8,"column":29}},"loc":{"start":{"line":8,"column":48},"end":{"line":69,"column":1}},"line":8},"1":{"name":"(anonymous_1)","decl":{"start":{"line":74,"column":31},"end":{"line":74,"column":32}},"loc":{"start":{"line":74,"column":51},"end":{"line":112,"column":1}},"line":74}},"branchMap":{"0":{"loc":{"start":{"line":11,"column":8},"end":{"line":13,"column":9}},"type":"if","locations":[{"start":{"line":11,"column":8},"end":{"line":13,"column":9}},{"start":{},"end":{}}],"line":11},"1":{"loc":{"start":{"line":18,"column":10},"end":{"line":18,"column":60}},"type":"cond-expr","locations":[{"start":{"line":18,"column":24},"end":{"line":18,"column":55}},{"start":{"line":18,"column":58},"end":{"line":18,"column":60}}],"line":18},"2":{"loc":{"start":{"line":20,"column":30},"end":{"line":20,"column":51}},"type":"binary-expr","locations":[{"start":{"line":20,"column":30},"end":{"line":20,"column":46}},{"start":{"line":20,"column":50},"end":{"line":20,"column":51}}],"line":20},"3":{"loc":{"start":{"line":22,"column":30},"end":{"line":22,"column":51}},"type":"binary-expr","locations":[{"start":{"line":22,"column":30},"end":{"line":22,"column":46}},{"start":{"line":22,"column":50},"end":{"line":22,"column":51}}],"line":22},"4":{"loc":{"start":{"line":52,"column":8},"end":{"line":54,"column":9}},"type":"if","locations":[{"start":{"line":52,"column":8},"end":{"line":54,"column":9}},{"start":{},"end":{}}],"line":52},"5":{"loc":{"start":{"line":52,"column":12},"end":{"line":52,"column":48}},"type":"binary-expr","locations":[{"start":{"line":52,"column":12},"end":{"line":52,"column":29}},{"start":{"line":52,"column":33},"end":{"line":52,"column":48}}],"line":52},"6":{"loc":{"start":{"line":77,"column":8},"end":{"line":79,"column":9}},"type":"if","locations":[{"start":{"line":77,"column":8},"end":{"line":79,"column":9}},{"start":{},"end":{}}],"line":77},"7":{"loc":{"start":{"line":83,"column":2},"end":{"line":83,"column":72}},"type":"cond-expr","locations":[{"start":{"line":83,"column":23},"end":{"line":83,"column":67}},{"start":{"line":83,"column":70},"end":{"line":83,"column":72}}],"line":83},"8":{"loc":{"start":{"line":93,"column":2},"end":{"line":93,"column":86}},"type":"cond-expr","locations":[{"start":{"line":93,"column":23},"end":{"line":93,"column":81}},{"start":{"line":93,"column":84},"end":{"line":93,"column":86}}],"line":93}},"s":{"0":1,"1":1,"2":1,"3":6,"4":6,"5":6,"6":1,"7":5,"8":5,"9":4,"10":4,"11":4,"12":4,"13":1,"14":3,"15":3,"16":3,"17":2,"18":1,"19":1,"20":1,"21":1,"22":1,"23":5,"24":5,"25":5,"26":1,"27":4,"28":4,"29":3,"30":1,"31":1,"32":1},"f":{"0":6,"1":5},"b":{"0":[1,5],"1":[1,4],"2":[5,1],"3":[5,1],"4":[1,3],"5":[4,3],"6":[1,4],"7":[1,3],"8":[1,3]},"_coverageSchema":"1a1c01bbd47fc00a2c39e90264f33305004495a9","hash":"b9f97fdcb6b4057f7ffcd5ea8471b0ad7015300e"}
,"C:\\Users\\ASUS\\Desktop\\New folder\\eBook\\backend\\controller\\authController.js": {"path":"C:\\Users\\ASUS\\Desktop\\New folder\\eBook\\backend\\controller\\authController.js","statementMap":{"0":{"start":{"line":1,"column":12},"end":{"line":1,"column":35}},"1":{"start":{"line":2,"column":13},"end":{"line":2,"column":38}},"2":{"start":{"line":5,"column":22},"end":{"line":9,"column":1}},"3":{"start":{"line":6,"column":4},"end":{"line":8,"column":7}},"4":{"start":{"line":15,"column":0},"end":{"line":46,"column":1}},"5":{"start":{"line":16,"column":38},"end":{"line":16,"column":46}},"6":{"start":{"line":17,"column":4},"end":{"line":45,"column":5}},"7":{"start":{"line":18,"column":8},"end":{"line":20,"column":9}},"8":{"start":{"line":19,"column":12},"end":{"line":19,"column":92}},"9":{"start":{"line":23,"column":27},"end":{"line":23,"column":56}},"10":{"start":{"line":24,"column":8},"end":{"line":26,"column":9}},"11":{"start":{"line":25,"column":12},"end":{"line":25,"column":76}},"12":{"start":{"line":28,"column":21},"end":{"line":32,"column":10}},"13":{"start":{"line":34,"column":8},"end":{"line":42,"column":9}},"14":{"start":{"line":35,"column":12},"end":{"line":38,"column":15}},"15":{"start":{"line":41,"column":12},"end":{"line":41,"column":67}},"16":{"start":{"line":44,"column":8},"end":{"line":44,"column":58}},"17":{"start":{"line":51,"column":0},"end":{"line":70,"column":2}},"18":{"start":{"line":52,"column":32},"end":{"line":52,"column":40}},"19":{"start":{"line":53,"column":4},"end":{"line":69,"column":5}},"20":{"start":{"line":54,"column":21},"end":{"line":54,"column":70}},"21":{"start":{"line":55,"column":8},"end":{"line":65,"column":9}},"22":{"start":{"line":56,"column":12},"end":{"line":62,"column":15}},"23":{"start":{"line":64,"column":12},"end":{"line":64,"column":75}},"24":{"start":{"line":68,"column":8},"end":{"line":68,"column":58}},"25":{"start":{"line":76,"column":0},"end":{"line":94,"column":2}},"26":{"start":{"line":77,"column":4},"end":{"line":93,"column":5}},"27":{"start":{"line":78,"column":21},"end":{"line":78,"column":54}},"28":{"start":{"line":79,"column":8},"end":{"line":89,"column":9}},"29":{"start":{"line":80,"column":12},"end":{"line":86,"column":15}},"30":{"start":{"line":88,"column":12},"end":{"line":88,"column":64}},"31":{"start":{"line":92,"column":8},"end":{"line":92,"column":58}},"32":{"start":{"line":100,"column":0},"end":{"line":120,"column":2}},"33":{"start":{"line":101,"column":4},"end":{"line":119,"column":5}},"34":{"start":{"line":102,"column":21},"end":{"line":102,"column":54}},"35":{"start":{"line":103,"column":8},"end":{"line":115,"column":9}},"36":{"start":{"line":104,"column":12},"end":{"line":104,"column":51}},"37":{"start":{"line":105,"column":12},"end":{"line":105,"column":57}},"38":{"start":{"line":107,"column":12},"end":{"line":107,"column":30}},"39":{"start":{"line":108,"column":12},"end":{"line":112,"column":15}},"40":{"start":{"line":114,"column":12},"end":{"line":114,"column":64}},"41":{"start":{"line":118,"column":8},"end":{"line":118,"column":58}}},"fnMap":{"0":{"name":"(anonymous_0)","decl":{"start":{"line":5,"column":22},"end":{"line":5,"column":23}},"loc":{"start":{"line":5,"column":30},"end":{"line":9,"column":1}},"line":5},"1":{"name":"(anonymous_1)","decl":{"start":{"line":15,"column":23},"end":{"line":15,"column":24}},"loc":{"start":{"line":15,"column":43},"end":{"line":46,"column":1}},"line":15},"2":{"name":"(anonymous_2)","decl":{"start":{"line":51,"column":20},"end":{"line":51,"column":21}},"loc":{"start":{"line":51,"column":40},"end":{"line":70,"column":1}},"line":51},"3":{"name":"(anonymous_3)","decl":{"start":{"line":76,"column":25},"end":{"line":76,"column":26}},"loc":{"start":{"line":76,"column":45},"end":{"line":94,"column":1}},"line":76},"4":{"name":"(anonymous_4)","decl":{"start":{"line":100,"column":24},"end":{"line":100,"column":25}},"loc":{"start":{"line":100,"column":44},"end":{"line":120,"column":1}},"line":100}},"branchMap":{"0":{"loc":{"start":{"line":18,"column":8},"end":{"line":20,"column":9}},"type":"if","locations":[{"start":{"line":18,"column":8},"end":{"line":20,"column":9}},{"start":{},"end":{}}],"line":18},"1":{"loc":{"start":{"line":18,"column":11},"end":{"line":18,"column":39}},"type":"binary-expr","locations":[{"start":{"line":18,"column":11},"end":{"line":18,"column":16}},{"start":{"line":18,"column":20},"end":{"line":18,"column":26}},{"start":{"line":18,"column":30},"end":{"line":18,"column":39}}],"line":18},"2":{"loc":{"start":{"line":24,"column":8},"end":{"line":26,"column":9}},"type":"if","locations":[{"start":{"line":24,"column":8},"end":{"line":26,"column":9}},{"start":{},"end":{}}],"line":24},"3":{"loc":{"start":{"line":34,"column":8},"end":{"line":42,"column":9}},"type":"if","locations":[{"start":{"line":34,"column":8},"end":{"line":42,"column":9}},{"start":{"line":40,"column":12},"end":{"line":42,"column":9}}],"line":34},"4":{"loc":{"start":{"line":55,"column":8},"end":{"line":65,"column":9}},"type":"if","locations":[{"start":{"line":55,"column":8},"end":{"line":65,"column":9}},{"start":{"line":63,"column":15},"end":{"line":65,"column":9}}],"line":55},"5":{"loc":{"start":{"line":55,"column":11},"end":{"line":55,"column":55}},"type":"binary-expr","locations":[{"start":{"line":55,"column":11},"end":{"line":55,"column":15}},{"start":{"line":55,"column":20},"end":{"line":55,"column":54}}],"line":55},"6":{"loc":{"start":{"line":79,"column":8},"end":{"line":89,"column":9}},"type":"if","locations":[{"start":{"line":79,"column":8},"end":{"line":89,"column":9}},{"start":{"line":87,"column":15},"end":{"line":89,"column":9}}],"line":79},"7":{"loc":{"start":{"line":103,"column":8},"end":{"line":115,"column":9}},"type":"if","locations":[{"start":{"line":103,"column":8},"end":{"line":115,"column":9}},{"start":{"line":113,"column":15},"end":{"line":115,"column":9}}],"line":103},"8":{"loc":{"start":{"line":104,"column":24},"end":{"line":104,"column":50}},"type":"binary-expr","locations":[{"start":{"line":104,"column":24},"end":{"line":104,"column":37}},{"start":{"line":104,"column":41},"end":{"line":104,"column":50}}],"line":104},"9":{"loc":{"start":{"line":105,"column":26},"end":{"line":105,"column":56}},"type":"binary-expr","locations":[{"start":{"line":105,"column":26},"end":{"line":105,"column":41}},{"start":{"line":105,"column":45},"end":{"line":105,"column":56}}],"line":105}},"s":{"0":1,"1":1,"2":1,"3":2,"4":1,"5":5,"6":5,"7":5,"8":1,"9":4,"10":3,"11":1,"12":2,"13":2,"14":1,"15":1,"16":1,"17":1,"18":4,"19":4,"20":4,"21":3,"22":1,"23":2,"24":1,"25":1,"26":3,"27":3,"28":2,"29":1,"30":1,"31":1,"32":1,"33":4,"34":4,"35":3,"36":2,"37":2,"38":2,"39":2,"40":1,"41":1},"f":{"0":2,"1":5,"2":4,"3":3,"4":4},"b":{"0":[1,4],"1":[5,5,5],"2":[1,2],"3":[1,1],"4":[1,2],"5":[3,2],"6":[1,1],"7":[2,1],"8":[2,0],"9":[2,1]},"_coverageSchema":"1a1c01bbd47fc00a2c39e90264f33305004495a9","hash":"ff10df6a691b5e9fac55781795cad1fa356389dc"}
,"C:\\Users\\ASUS\\Desktop\\New folder\\eBook\\backend\\controller\\bookController.js": {"path":"C:\\Users\\ASUS\\Desktop\\New folder\\eBook\\backend\\controller\\bookController.js","statementMap":{"0":{"start":{"line":1,"column":13},"end":{"line":1,"column":38}},"1":{"start":{"line":2,"column":41},"end":{"line":2,"column":76}},"2":{"start":{"line":3,"column":19},"end":{"line":3,"column":50}},"3":{"start":{"line":7,"column":0},"end":{"line":27,"column":2}},"4":{"start":{"line":8,"column":4},"end":{"line":26,"column":5}},"5":{"start":{"line":9,"column":54},"end":{"line":9,"column":62}},"6":{"start":{"line":10,"column":8},"end":{"line":12,"column":9}},"7":{"start":{"line":11,"column":12},"end":{"line":11,"column":86}},"8":{"start":{"line":13,"column":21},"end":{"line":19,"column":10}},"9":{"start":{"line":20,"column":25},"end":{"line":20,"column":59}},"10":{"start":{"line":22,"column":8},"end":{"line":22,"column":33}},"11":{"start":{"line":23,"column":8},"end":{"line":23,"column":35}},"12":{"start":{"line":25,"column":8},"end":{"line":25,"column":58}},"13":{"start":{"line":32,"column":0},"end":{"line":76,"column":2}},"14":{"start":{"line":33,"column":4},"end":{"line":75,"column":5}},"15":{"start":{"line":34,"column":23},"end":{"line":34,"column":46}},"16":{"start":{"line":37,"column":25},"end":{"line":37,"column":42}},"17":{"start":{"line":38,"column":28},"end":{"line":38,"column":52}},"18":{"start":{"line":40,"column":8},"end":{"line":43,"column":9}},"19":{"start":{"line":41,"column":12},"end":{"line":41,"column":55}},"20":{"start":{"line":42,"column":12},"end":{"line":42,"column":53}},"21":{"start":{"line":46,"column":8},"end":{"line":46,"column":61}},"22":{"start":{"line":47,"column":22},"end":{"line":60,"column":10}},"23":{"start":{"line":62,"column":8},"end":{"line":64,"column":9}},"24":{"start":{"line":63,"column":12},"end":{"line":63,"column":71}},"25":{"start":{"line":67,"column":8},"end":{"line":69,"column":9}},"26":{"start":{"line":68,"column":12},"end":{"line":68,"column":50}},"27":{"start":{"line":71,"column":8},"end":{"line":71,"column":43}},"28":{"start":{"line":73,"column":8},"end":{"line":73,"column":48}},"29":{"start":{"line":74,"column":8},"end":{"line":74,"column":65}},"30":{"start":{"line":82,"column":0},"end":{"line":95,"column":2}},"31":{"start":{"line":83,"column":4},"end":{"line":94,"column":5}},"32":{"start":{"line":84,"column":21},"end":{"line":84,"column":55}},"33":{"start":{"line":85,"column":8},"end":{"line":87,"column":9}},"34":{"start":{"line":86,"column":12},"end":{"line":86,"column":71}},"35":{"start":{"line":88,"column":8},"end":{"line":90,"column":9}},"36":{"start":{"line":89,"column":12},"end":{"line":89,"column":91}},"37":{"start":{"line":91,"column":8},"end":{"line":91,"column":35}},"38":{"start":{"line":93,"column":8},"end":{"line":93,"column":58}},"39":{"start":{"line":100,"column":0},"end":{"line":114,"column":2}},"40":{"start":{"line":101,"column":4},"end":{"line":113,"column":5}},"41":{"start":{"line":102,"column":21},"end":{"line":102,"column":55}},"42":{"start":{"line":103,"column":8},"end":{"line":105,"column":9}},"43":{"start":{"line":104,"column":12},"end":{"line":104,"column":71}},"44":{"start":{"line":106,"column":8},"end":{"line":108,"column":9}},"45":{"start":{"line":107,"column":12},"end":{"line":107,"column":91}},"46":{"start":{"line":109,"column":28},"end":{"line":109,"column":96}},"47":{"start":{"line":110,"column":8},"end":{"line":110,"column":42}},"48":{"start":{"line":112,"column":8},"end":{"line":112,"column":58}},"49":{"start":{"line":119,"column":0},"end":{"line":133,"column":2}},"50":{"start":{"line":120,"column":4},"end":{"line":132,"column":5}},"51":{"start":{"line":121,"column":21},"end":{"line":121,"column":55}},"52":{"start":{"line":122,"column":8},"end":{"line":124,"column":9}},"53":{"start":{"line":123,"column":12},"end":{"line":123,"column":71}},"54":{"start":{"line":125,"column":8},"end":{"line":127,"column":9}},"55":{"start":{"line":126,"column":12},"end":{"line":126,"column":91}},"56":{"start":{"line":128,"column":8},"end":{"line":128,"column":52}},"57":{"start":{"line":129,"column":8},"end":{"line":129,"column":58}},"58":{"start":{"line":131,"column":8},"end":{"line":131,"column":58}},"59":{"start":{"line":138,"column":0},"end":{"line":175,"column":2}},"60":{"start":{"line":139,"column":4},"end":{"line":174,"column":5}},"61":{"start":{"line":140,"column":21},"end":{"line":140,"column":55}},"62":{"start":{"line":141,"column":8},"end":{"line":143,"column":9}},"63":{"start":{"line":142,"column":12},"end":{"line":142,"column":71}},"64":{"start":{"line":145,"column":8},"end":{"line":147,"column":9}},"65":{"start":{"line":146,"column":12},"end":{"line":146,"column":107}},"66":{"start":{"line":149,"column":8},"end":{"line":151,"column":9}},"67":{"start":{"line":150,"column":12},"end":{"line":150,"column":73}},"68":{"start":{"line":154,"column":8},"end":{"line":161,"column":9}},"69":{"start":{"line":155,"column":12},"end":{"line":160,"column":13}},"70":{"start":{"line":156,"column":16},"end":{"line":156,"column":77}},"71":{"start":{"line":157,"column":16},"end":{"line":157,"column":60}},"72":{"start":{"line":159,"column":16},"end":{"line":159,"column":74}},"73":{"start":{"line":164,"column":8},"end":{"line":167,"column":10}},"74":{"start":{"line":169,"column":28},"end":{"line":169,"column":45}},"75":{"start":{"line":170,"column":8},"end":{"line":170,"column":60}},"76":{"start":{"line":172,"column":8},"end":{"line":172,"column":29}},"77":{"start":{"line":173,"column":8},"end":{"line":173,"column":91}}},"fnMap":{"0":{"name":"(anonymous_0)","decl":{"start":{"line":7,"column":21},"end":{"line":7,"column":22}},"loc":{"start":{"line":7,"column":41},"end":{"line":27,"column":1}},"line":7},"1":{"name":"(anonymous_1)","decl":{"start":{"line":32,"column":19},"end":{"line":32,"column":20}},"loc":{"start":{"line":32,"column":39},"end":{"line":76,"column":1}},"line":32},"2":{"name":"(anonymous_2)","decl":{"start":{"line":82,"column":22},"end":{"line":82,"column":23}},"loc":{"start":{"line":82,"column":42},"end":{"line":95,"column":1}},"line":82},"3":{"name":"(anonymous_3)","decl":{"start":{"line":100,"column":21},"end":{"line":100,"column":22}},"loc":{"start":{"line":100,"column":41},"end":{"line":114,"column":1}},"line":100},"4":{"name":"(anonymous_4)","decl":{"start":{"line":119,"column":21},"end":{"line":119,"column":22}},"loc":{"start":{"line":119,"column":41},"end":{"line":133,"column":1}},"line":119},"5":{"name":"(anonymous_5)","decl":{"start":{"line":138,"column":26},"end":{"line":138,"column":27}},"loc":{"start":{"line":138,"column":46},"end":{"line":175,"column":1}},"line":138}},"branchMap":{"0":{"loc":{"start":{"line":10,"column":8},"end":{"line":12,"column":9}},"type":"if","locations":[{"start":{"line":10,"column":8},"end":{"line":12,"column":9}},{"start":{},"end":{}}],"line":10},"1":{"loc":{"start":{"line":10,"column":12},"end":{"line":10,"column":29}},"type":"binary-expr","locations":[{"start":{"line":10,"column":12},"end":{"line":10,"column":18}},{"start":{"line":10,"column":22},"end":{"line":10,"column":29}}],"line":10},"2":{"loc":{"start":{"line":40,"column":8},"end":{"line":43,"column":9}},"type":"if","locations":[{"start":{"line":40,"column":8},"end":{"line":43,"column":9}},{"start":{},"end":{}}],"line":40},"3":{"loc":{"start":{"line":62,"column":8},"end":{"line":64,"column":9}},"type":"if","locations":[{"start":{"line":62,"column":8},"end":{"line":64,"column":9}},{"start":{},"end":{}}],"line":62},"4":{"loc":{"start":{"line":67,"column":8},"end":{"line":69,"column":9}},"type":"if","locations":[{"start":{"line":67,"column":8},"end":{"line":69,"column":9}},{"start":{},"end":{}}],"line":67},"5":{"loc":{"start":{"line":85,"column":8},"end":{"line":87,"column":9}},"type":"if","locations":[{"start":{"line":85,"column":8},"end":{"line":87,"column":9}},{"start":{},"end":{}}],"line":85},"6":{"loc":{"start":{"line":88,"column":8},"end":{"line":90,"column":9}},"type":"if","locations":[{"start":{"line":88,"column":8},"end":{"line":90,"column":9}},{"start":{},"end":{}}],"line":88},"7":{"loc":{"start":{"line":103,"column":8},"end":{"line":105,"column":9}},"type":"if","locations":[{"start":{"line":103,"column":8},"end":{"line":105,"column":9}},{"start":{},"end":{}}],"line":103},"8":{"loc":{"start":{"line":106,"column":8},"end":{"line":108,"column":9}},"type":"if","locations":[{"start":{"line":106,"column":8},"end":{"line":108,"column":9}},{"start":{},"end":{}}],"line":106},"9":{"loc":{"start":{"line":122,"column":8},"end":{"line":124,"column":9}},"type":"if","locations":[{"start":{"line":122,"column":8},"end":{"line":124,"column":9}},{"start":{},"end":{}}],"line":122},"10":{"loc":{"start":{"line":125,"column":8},"end":{"line":127,"column":9}},"type":"if","locations":[{"start":{"line":125,"column":8},"end":{"line":127,"column":9}},{"start":{},"end":{}}],"line":125},"11":{"loc":{"start":{"line":141,"column":8},"end":{"line":143,"column":9}},"type":"if","locations":[{"start":{"line":141,"column":8},"end":{"line":143,"column":9}},{"start":{},"end":{}}],"line":141},"12":{"loc":{"start":{"line":145,"column":8},"end":{"line":147,"column":9}},"type":"if","locations":[{"start":{"line":145,"column":8},"end":{"line":147,"column":9}},{"start":{},"end":{}}],"line":145},"13":{"loc":{"start":{"line":149,"column":8},"end":{"line":151,"column":9}},"type":"if","locations":[{"start":{"line":149,"column":8},"end":{"line":151,"column":9}},{"start":{},"end":{}}],"line":149},"14":{"loc":{"start":{"line":154,"column":8},"end":{"line":161,"column":9}},"type":"if","locations":[{"start":{"line":154,"column":8},"end":{"line":161,"column":9}},{"start":{},"end":{}}],"line":154},"15":{"loc":{"start":{"line":154,"column":12},"end":{"line":154,"column":56}},"type":"binary-expr","locations":[{"start":{"line":154,"column":12},"end":{"line":154,"column":27}},{"start":{"line":154,"column":31},"end":{"line":154,"column":56}}],"line":154},"16":{"loc":{"start":{"line":166,"column":23},"end":{"line":166,"column":62}},"type":"binary-expr","locations":[{"start":{"line":166,"column":23},"end":{"line":166,"column":40}},{"start":{"line":166,"column":44},"end":{"line":166,"column":62}}],"line":166}},"s":{"0":1,"1":1,"2":1,"3":1,"4":4,"5":4,"6":4,"7":2,"8":2,"9":1,"10":1,"11":1,"12":1,"13":1,"14":5,"15":5,"16":5,"17":5,"18":5,"19":1,"20":1,"21":4,"22":4,"23":3,"24":1,"25":2,"26":1,"27":2,"28":1,"29":1,"30":1,"31":4,"32":4,"33":3,"34":1,"35":2,"36":1,"37":1,"38":1,"39":1,"40":4,"41":4,"42":3,"43":1,"44":2,"45":1,"46":1,"47":1,"48":1,"49":1,"50":4,"51":4,"52":3,"53":1,"54":2,"55":1,"56":1,"57":1,"58":1,"59":1,"60":6,"61":6,"62":5,"63":1,"64":4,"65":1,"66":3,"67":1,"68":2,"69":2,"70":2,"71":1,"72":1,"73":2,"74":2,"75":2,"76":1,"77":1},"f":{"0":4,"1":5,"2":4,"3":4,"4":4,"5":6},"b":{"0":[2,2],"1":[4,3],"2":[1,4],"3":[1,2],"4":[1,1],"5":[1,2],"6":[1,1],"7":[1,2],"8":[1,1],"9":[1,2],"10":[1,1],"11":[1,4],"12":[1,3],"13":[1,2],"14":[2,0],"15":[2,2],"16":[2,0]},"_coverageSchema":"1a1c01bbd47fc00a2c39e90264f33305004495a9","hash":"d1275f53adc886705ca53fcccde442a3591c069c"}
,"C:\\Users\\ASUS\\Desktop\\New folder\\eBook\\backend\\controller\\exportController.js": {"path":"C:\\Users\\ASUS\\Desktop\\New folder\\eBook\\backend\\controller\\exportController.js","statementMap":{"0":{"start":{"line":3,"column":4},"end":{"line":3,"column":19}},"1":{"start":{"line":4,"column":20},"end":{"line":4,"column":37}},"2":{"start":{"line":5,"column":19},"end":{"line":5,"column":41}},"3":{"start":{"line":6,"column":13},"end":{"line":6,"column":38}},"4":{"start":{"line":7,"column":13},"end":{"line":7,"column":28}},"5":{"start":{"line":8,"column":11},"end":{"line":8,"column":24}},"6":{"start":{"line":13,"column":11},"end":{"line":13,"column":27}},"7":{"start":{"line":16,"column":20},"end":{"line":40,"column":1}},"8":{"start":{"line":43,"column":30},"end":{"line":267,"column":1}},"9":{"start":{"line":44,"column":19},"end":{"line":44,"column":48}},"10":{"start":{"line":45,"column":23},"end":{"line":45,"column":25}},"11":{"start":{"line":46,"column":17},"end":{"line":46,"column":21}},"12":{"start":{"line":47,"column":19},"end":{"line":47,"column":23}},"13":{"start":{"line":48,"column":27},"end":{"line":48,"column":28}},"14":{"start":{"line":50,"column":4},"end":{"line":265,"column":5}},"15":{"start":{"line":50,"column":17},"end":{"line":50,"column":18}},"16":{"start":{"line":51,"column":22},"end":{"line":51,"column":31}},"17":{"start":{"line":53,"column":8},"end":{"line":264,"column":9}},"18":{"start":{"line":54,"column":12},"end":{"line":260,"column":13}},"19":{"start":{"line":55,"column":30},"end":{"line":55,"column":66}},"20":{"start":{"line":56,"column":34},"end":{"line":56,"column":47}},"21":{"start":{"line":57,"column":16},"end":{"line":94,"column":17}},"22":{"start":{"line":60,"column":20},"end":{"line":76,"column":21}},"23":{"start":{"line":62,"column":28},"end":{"line":62,"column":66}},"24":{"start":{"line":63,"column":28},"end":{"line":63,"column":60}},"25":{"start":{"line":64,"column":28},"end":{"line":64,"column":34}},"26":{"start":{"line":66,"column":28},"end":{"line":66,"column":66}},"27":{"start":{"line":67,"column":28},"end":{"line":67,"column":60}},"28":{"start":{"line":68,"column":28},"end":{"line":68,"column":34}},"29":{"start":{"line":70,"column":28},"end":{"line":70,"column":66}},"30":{"start":{"line":71,"column":28},"end":{"line":71,"column":60}},"31":{"start":{"line":72,"column":28},"end":{"line":72,"column":34}},"32":{"start":{"line":74,"column":28},"end":{"line":74,"column":66}},"33":{"start":{"line":75,"column":28},"end":{"line":75,"column":60}},"34":{"start":{"line":77,"column":20},"end":{"line":91,"column":22}},"35":{"start":{"line":92,"column":20},"end":{"line":92,"column":27}},"36":{"start":{"line":95,"column":19},"end":{"line":260,"column":13}},"37":{"start":{"line":96,"column":34},"end":{"line":96,"column":47}},"38":{"start":{"line":97,"column":16},"end":{"line":114,"column":17}},"39":{"start":{"line":98,"column":37},"end":{"line":98,"column":77}},"40":{"start":{"line":99,"column":20},"end":{"line":112,"column":21}},"41":{"start":{"line":100,"column":24},"end":{"line":111,"column":26}},"42":{"start":{"line":113,"column":20},"end":{"line":113,"column":27}},"43":{"start":{"line":115,"column":19},"end":{"line":260,"column":13}},"44":{"start":{"line":116,"column":16},"end":{"line":116,"column":30}},"45":{"start":{"line":117,"column":16},"end":{"line":117,"column":36}},"46":{"start":{"line":119,"column":17},"end":{"line":260,"column":13}},"47":{"start":{"line":120,"column":16},"end":{"line":120,"column":31}},"48":{"start":{"line":121,"column":16},"end":{"line":121,"column":32}},"49":{"start":{"line":123,"column":16},"end":{"line":130,"column":18}},"50":{"start":{"line":132,"column":17},"end":{"line":260,"column":13}},"51":{"start":{"line":133,"column":16},"end":{"line":133,"column":30}},"52":{"start":{"line":134,"column":16},"end":{"line":134,"column":37}},"53":{"start":{"line":135,"column":16},"end":{"line":135,"column":37}},"54":{"start":{"line":137,"column":17},"end":{"line":260,"column":13}},"55":{"start":{"line":138,"column":16},"end":{"line":138,"column":31}},"56":{"start":{"line":139,"column":16},"end":{"line":139,"column":32}},"57":{"start":{"line":140,"column":16},"end":{"line":140,"column":37}},"58":{"start":{"line":142,"column":16},"end":{"line":149,"column":18}},"59":{"start":{"line":151,"column":17},"end":{"line":260,"column":13}},"60":{"start":{"line":152,"column":34},"end":{"line":152,"column":47}},"61":{"start":{"line":153,"column":16},"end":{"line":185,"column":17}},"62":{"start":{"line":154,"column":40},"end":{"line":154,"column":53}},"63":{"start":{"line":155,"column":20},"end":{"line":184,"column":21}},"64":{"start":{"line":156,"column":41},"end":{"line":156,"column":83}},"65":{"start":{"line":157,"column":41},"end":{"line":157,"column":43}},"66":{"start":{"line":158,"column":24},"end":{"line":164,"column":25}},"67":{"start":{"line":159,"column":28},"end":{"line":159,"column":51}},"68":{"start":{"line":161,"column":29},"end":{"line":164,"column":25}},"69":{"start":{"line":162,"column":28},"end":{"line":162,"column":65}},"70":{"start":{"line":163,"column":28},"end":{"line":163,"column":47}},"71":{"start":{"line":165,"column":24},"end":{"line":182,"column":26}},"72":{"start":{"line":183,"column":24},"end":{"line":183,"column":31}},"73":{"start":{"line":186,"column":19},"end":{"line":260,"column":13}},"74":{"start":{"line":188,"column":34},"end":{"line":188,"column":47}},"75":{"start":{"line":189,"column":16},"end":{"line":224,"column":17}},"76":{"start":{"line":190,"column":40},"end":{"line":190,"column":53}},"77":{"start":{"line":191,"column":20},"end":{"line":223,"column":21}},"78":{"start":{"line":193,"column":24},"end":{"line":221,"column":26}},"79":{"start":{"line":222,"column":24},"end":{"line":222,"column":31}},"80":{"start":{"line":225,"column":19},"end":{"line":260,"column":13}},"81":{"start":{"line":226,"column":16},"end":{"line":244,"column":18}},"82":{"start":{"line":245,"column":19},"end":{"line":260,"column":13}},"83":{"start":{"line":246,"column":16},"end":{"line":259,"column":18}},"84":{"start":{"line":263,"column":12},"end":{"line":263,"column":79}},"85":{"start":{"line":266,"column":4},"end":{"line":266,"column":22}},"86":{"start":{"line":270,"column":29},"end":{"line":305,"column":1}},"87":{"start":{"line":271,"column":21},"end":{"line":271,"column":23}},"88":{"start":{"line":272,"column":28},"end":{"line":272,"column":59}},"89":{"start":{"line":273,"column":17},"end":{"line":273,"column":19}},"90":{"start":{"line":274,"column":24},"end":{"line":285,"column":5}},"91":{"start":{"line":275,"column":8},"end":{"line":284,"column":9}},"92":{"start":{"line":276,"column":12},"end":{"line":282,"column":16}},"93":{"start":{"line":283,"column":12},"end":{"line":283,"column":24}},"94":{"start":{"line":286,"column":4},"end":{"line":302,"column":7}},"95":{"start":{"line":287,"column":8},"end":{"line":301,"column":9}},"96":{"start":{"line":288,"column":12},"end":{"line":288,"column":26}},"97":{"start":{"line":289,"column":12},"end":{"line":289,"column":42}},"98":{"start":{"line":290,"column":15},"end":{"line":301,"column":9}},"99":{"start":{"line":291,"column":12},"end":{"line":291,"column":26}},"100":{"start":{"line":292,"column":12},"end":{"line":292,"column":43}},"101":{"start":{"line":293,"column":15},"end":{"line":301,"column":9}},"102":{"start":{"line":294,"column":12},"end":{"line":294,"column":26}},"103":{"start":{"line":295,"column":12},"end":{"line":295,"column":45}},"104":{"start":{"line":296,"column":15},"end":{"line":301,"column":9}},"105":{"start":{"line":297,"column":12},"end":{"line":297,"column":26}},"106":{"start":{"line":298,"column":12},"end":{"line":298,"column":46}},"107":{"start":{"line":299,"column":15},"end":{"line":301,"column":9}},"108":{"start":{"line":300,"column":12},"end":{"line":300,"column":36}},"109":{"start":{"line":303,"column":4},"end":{"line":303,"column":18}},"110":{"start":{"line":304,"column":4},"end":{"line":304,"column":20}},"111":{"start":{"line":308,"column":25},"end":{"line":521,"column":1}},"112":{"start":{"line":309,"column":4},"end":{"line":520,"column":5}},"113":{"start":{"line":310,"column":21},"end":{"line":310,"column":55}},"114":{"start":{"line":312,"column":8},"end":{"line":314,"column":9}},"115":{"start":{"line":313,"column":12},"end":{"line":313,"column":71}},"116":{"start":{"line":315,"column":8},"end":{"line":317,"column":9}},"117":{"start":{"line":316,"column":12},"end":{"line":316,"column":91}},"118":{"start":{"line":319,"column":25},"end":{"line":319,"column":27}},"119":{"start":{"line":322,"column":26},"end":{"line":322,"column":28}},"120":{"start":{"line":324,"column":8},"end":{"line":364,"column":9}},"121":{"start":{"line":325,"column":30},"end":{"line":327,"column":61}},"122":{"start":{"line":328,"column":12},"end":{"line":363,"column":13}},"123":{"start":{"line":329,"column":16},"end":{"line":360,"column":17}},"124":{"start":{"line":330,"column":40},"end":{"line":330,"column":77}},"125":{"start":{"line":333,"column":20},"end":{"line":336,"column":24}},"126":{"start":{"line":339,"column":20},"end":{"line":353,"column":22}},"127":{"start":{"line":356,"column":20},"end":{"line":359,"column":24}},"128":{"start":{"line":362,"column":16},"end":{"line":362,"column":88}},"129":{"start":{"line":365,"column":8},"end":{"line":365,"column":36}},"130":{"start":{"line":368,"column":26},"end":{"line":368,"column":28}},"131":{"start":{"line":371,"column":8},"end":{"line":388,"column":10}},"132":{"start":{"line":391,"column":8},"end":{"line":409,"column":9}},"133":{"start":{"line":392,"column":12},"end":{"line":408,"column":13}},"134":{"start":{"line":412,"column":8},"end":{"line":428,"column":10}},"135":{"start":{"line":431,"column":8},"end":{"line":447,"column":10}},"136":{"start":{"line":449,"column":8},"end":{"line":449,"column":36}},"137":{"start":{"line":452,"column":8},"end":{"line":486,"column":11}},"138":{"start":{"line":453,"column":12},"end":{"line":485,"column":13}},"139":{"start":{"line":455,"column":16},"end":{"line":460,"column":17}},"140":{"start":{"line":456,"column":20},"end":{"line":459,"column":24}},"141":{"start":{"line":462,"column":16},"end":{"line":478,"column":18}},"142":{"start":{"line":480,"column":42},"end":{"line":480,"column":86}},"143":{"start":{"line":481,"column":16},"end":{"line":481,"column":52}},"144":{"start":{"line":484,"column":16},"end":{"line":484,"column":95}},"145":{"start":{"line":489,"column":20},"end":{"line":505,"column":10}},"146":{"start":{"line":508,"column":23},"end":{"line":508,"column":49}},"147":{"start":{"line":511,"column":8},"end":{"line":511,"column":113}},"148":{"start":{"line":512,"column":8},"end":{"line":512,"column":109}},"149":{"start":{"line":513,"column":8},"end":{"line":513,"column":55}},"150":{"start":{"line":514,"column":8},"end":{"line":514,"column":25}},"151":{"start":{"line":516,"column":8},"end":{"line":516,"column":64}},"152":{"start":{"line":517,"column":8},"end":{"line":519,"column":9}},"153":{"start":{"line":518,"column":12},"end":{"line":518,"column":85}},"154":{"start":{"line":525,"column":19},"end":{"line":555,"column":1}},"155":{"start":{"line":557,"column":27},"end":{"line":619,"column":1}},"156":{"start":{"line":558,"column":4},"end":{"line":558,"column":47}},"157":{"start":{"line":558,"column":40},"end":{"line":558,"column":47}},"158":{"start":{"line":560,"column":24},"end":{"line":564,"column":5}},"159":{"start":{"line":566,"column":22},"end":{"line":566,"column":44}},"160":{"start":{"line":567,"column":21},"end":{"line":567,"column":23}},"161":{"start":{"line":569,"column":24},"end":{"line":577,"column":5}},"162":{"start":{"line":570,"column":8},"end":{"line":576,"column":9}},"163":{"start":{"line":571,"column":12},"end":{"line":574,"column":15}},"164":{"start":{"line":575,"column":12},"end":{"line":575,"column":28}},"165":{"start":{"line":579,"column":4},"end":{"line":608,"column":5}},"166":{"start":{"line":579,"column":17},"end":{"line":579,"column":18}},"167":{"start":{"line":580,"column":22},"end":{"line":580,"column":31}},"168":{"start":{"line":581,"column":8},"end":{"line":607,"column":9}},"169":{"start":{"line":582,"column":12},"end":{"line":582,"column":40}},"170":{"start":{"line":584,"column":13},"end":{"line":607,"column":9}},"171":{"start":{"line":585,"column":12},"end":{"line":585,"column":26}},"172":{"start":{"line":586,"column":12},"end":{"line":586,"column":53}},"173":{"start":{"line":588,"column":13},"end":{"line":607,"column":9}},"174":{"start":{"line":589,"column":12},"end":{"line":589,"column":26}},"175":{"start":{"line":590,"column":12},"end":{"line":590,"column":49}},"176":{"start":{"line":592,"column":13},"end":{"line":607,"column":9}},"177":{"start":{"line":593,"column":12},"end":{"line":593,"column":26}},"178":{"start":{"line":594,"column":12},"end":{"line":594,"column":55}},"179":{"start":{"line":596,"column":13},"end":{"line":607,"column":9}},"180":{"start":{"line":597,"column":12},"end":{"line":597,"column":26}},"181":{"start":{"line":598,"column":12},"end":{"line":598,"column":49}},"182":{"start":{"line":600,"column":13},"end":{"line":607,"column":9}},"183":{"start":{"line":601,"column":12},"end":{"line":601,"column":26}},"184":{"start":{"line":602,"column":12},"end":{"line":605,"column":15}},"185":{"start":{"line":606,"column":12},"end":{"line":606,"column":34}},"186":{"start":{"line":609,"column":4},"end":{"line":618,"column":5}},"187":{"start":{"line":610,"column":8},"end":{"line":613,"column":11}},"188":{"start":{"line":615,"column":8},"end":{"line":617,"column":11}},"189":{"start":{"line":621,"column":23},"end":{"line":769,"column":1}},"190":{"start":{"line":622,"column":4},"end":{"line":622,"column":66}},"191":{"start":{"line":622,"column":59},"end":{"line":622,"column":66}},"192":{"start":{"line":624,"column":19},"end":{"line":624,"column":48}},"193":{"start":{"line":625,"column":17},"end":{"line":625,"column":22}},"194":{"start":{"line":626,"column":19},"end":{"line":626,"column":23}},"195":{"start":{"line":627,"column":27},"end":{"line":627,"column":28}},"196":{"start":{"line":629,"column":4},"end":{"line":768,"column":5}},"197":{"start":{"line":629,"column":17},"end":{"line":629,"column":18}},"198":{"start":{"line":630,"column":22},"end":{"line":630,"column":31}},"199":{"start":{"line":631,"column":8},"end":{"line":767,"column":9}},"200":{"start":{"line":632,"column":12},"end":{"line":763,"column":13}},"201":{"start":{"line":633,"column":30},"end":{"line":633,"column":66}},"202":{"start":{"line":636,"column":16},"end":{"line":648,"column":17}},"203":{"start":{"line":638,"column":24},"end":{"line":638,"column":59}},"204":{"start":{"line":639,"column":24},"end":{"line":639,"column":30}},"205":{"start":{"line":641,"column":24},"end":{"line":641,"column":59}},"206":{"start":{"line":642,"column":24},"end":{"line":642,"column":30}},"207":{"start":{"line":644,"column":24},"end":{"line":644,"column":59}},"208":{"start":{"line":645,"column":24},"end":{"line":645,"column":30}},"209":{"start":{"line":647,"column":24},"end":{"line":647,"column":59}},"210":{"start":{"line":649,"column":16},"end":{"line":651,"column":18}},"211":{"start":{"line":652,"column":16},"end":{"line":655,"column":58}},"212":{"start":{"line":657,"column":16},"end":{"line":663,"column":17}},"213":{"start":{"line":658,"column":20},"end":{"line":661,"column":23}},"214":{"start":{"line":662,"column":20},"end":{"line":662,"column":24}},"215":{"start":{"line":664,"column":16},"end":{"line":666,"column":18}},"216":{"start":{"line":668,"column":16},"end":{"line":670,"column":17}},"217":{"start":{"line":669,"column":20},"end":{"line":669,"column":24}},"218":{"start":{"line":671,"column":19},"end":{"line":763,"column":13}},"219":{"start":{"line":672,"column":16},"end":{"line":675,"column":55}},"220":{"start":{"line":677,"column":16},"end":{"line":683,"column":17}},"221":{"start":{"line":678,"column":20},"end":{"line":681,"column":23}},"222":{"start":{"line":682,"column":20},"end":{"line":682,"column":24}},"223":{"start":{"line":684,"column":16},"end":{"line":688,"column":17}},"224":{"start":{"line":685,"column":20},"end":{"line":687,"column":22}},"225":{"start":{"line":689,"column":16},"end":{"line":691,"column":17}},"226":{"start":{"line":690,"column":20},"end":{"line":690,"column":24}},"227":{"start":{"line":692,"column":19},"end":{"line":763,"column":13}},"228":{"start":{"line":693,"column":16},"end":{"line":693,"column":30}},"229":{"start":{"line":694,"column":16},"end":{"line":694,"column":36}},"230":{"start":{"line":695,"column":16},"end":{"line":697,"column":18}},"231":{"start":{"line":699,"column":17},"end":{"line":763,"column":13}},"232":{"start":{"line":700,"column":16},"end":{"line":700,"column":31}},"233":{"start":{"line":701,"column":16},"end":{"line":701,"column":32}},"234":{"start":{"line":702,"column":16},"end":{"line":704,"column":18}},"235":{"start":{"line":705,"column":19},"end":{"line":763,"column":13}},"236":{"start":{"line":706,"column":16},"end":{"line":706,"column":30}},"237":{"start":{"line":707,"column":16},"end":{"line":707,"column":37}},"238":{"start":{"line":708,"column":16},"end":{"line":708,"column":37}},"239":{"start":{"line":709,"column":16},"end":{"line":711,"column":18}},"240":{"start":{"line":712,"column":19},"end":{"line":763,"column":13}},"241":{"start":{"line":713,"column":16},"end":{"line":713,"column":31}},"242":{"start":{"line":714,"column":16},"end":{"line":714,"column":32}},"243":{"start":{"line":715,"column":16},"end":{"line":715,"column":37}},"244":{"start":{"line":716,"column":16},"end":{"line":718,"column":18}},"245":{"start":{"line":719,"column":19},"end":{"line":763,"column":13}},"246":{"start":{"line":720,"column":33},"end":{"line":720,"column":35}},"247":{"start":{"line":721,"column":16},"end":{"line":726,"column":17}},"248":{"start":{"line":722,"column":20},"end":{"line":722,"column":43}},"249":{"start":{"line":723,"column":23},"end":{"line":726,"column":17}},"250":{"start":{"line":724,"column":20},"end":{"line":724,"column":57}},"251":{"start":{"line":725,"column":20},"end":{"line":725,"column":39}},"252":{"start":{"line":727,"column":16},"end":{"line":727,"column":119}},"253":{"start":{"line":729,"column":16},"end":{"line":729,"column":70}},"254":{"start":{"line":731,"column":16},"end":{"line":742,"column":17}},"255":{"start":{"line":731,"column":29},"end":{"line":731,"column":34}},"256":{"start":{"line":732,"column":20},"end":{"line":741,"column":21}},"257":{"start":{"line":733,"column":24},"end":{"line":736,"column":27}},"258":{"start":{"line":737,"column":24},"end":{"line":737,"column":30}},"259":{"start":{"line":739,"column":27},"end":{"line":741,"column":21}},"260":{"start":{"line":740,"column":24},"end":{"line":740,"column":30}},"261":{"start":{"line":743,"column":16},"end":{"line":745,"column":18}},"262":{"start":{"line":746,"column":19},"end":{"line":763,"column":13}},"263":{"start":{"line":747,"column":16},"end":{"line":749,"column":18}},"264":{"start":{"line":750,"column":16},"end":{"line":750,"column":82}},"265":{"start":{"line":751,"column":16},"end":{"line":754,"column":19}},"266":{"start":{"line":755,"column":16},"end":{"line":755,"column":49}},"267":{"start":{"line":756,"column":16},"end":{"line":758,"column":18}},"268":{"start":{"line":759,"column":19},"end":{"line":763,"column":13}},"269":{"start":{"line":760,"column":33},"end":{"line":760,"column":38}},"270":{"start":{"line":761,"column":16},"end":{"line":761,"column":127}},"271":{"start":{"line":762,"column":16},"end":{"line":762,"column":31}},"272":{"start":{"line":765,"column":12},"end":{"line":765,"column":85}},"273":{"start":{"line":766,"column":12},"end":{"line":766,"column":21}},"274":{"start":{"line":772,"column":20},"end":{"line":881,"column":1}},"275":{"start":{"line":773,"column":4},"end":{"line":880,"column":5}},"276":{"start":{"line":774,"column":8},"end":{"line":774,"column":44}},"277":{"start":{"line":775,"column":21},"end":{"line":775,"column":55}},"278":{"start":{"line":776,"column":8},"end":{"line":776,"column":50}},"279":{"start":{"line":777,"column":8},"end":{"line":777,"column":66}},"280":{"start":{"line":779,"column":8},"end":{"line":781,"column":9}},"281":{"start":{"line":780,"column":12},"end":{"line":780,"column":71}},"282":{"start":{"line":782,"column":8},"end":{"line":784,"column":9}},"283":{"start":{"line":783,"column":12},"end":{"line":783,"column":91}},"284":{"start":{"line":787,"column":8},"end":{"line":787,"column":50}},"285":{"start":{"line":788,"column":23},"end":{"line":792,"column":10}},"286":{"start":{"line":795,"column":8},"end":{"line":795,"column":65}},"287":{"start":{"line":796,"column":8},"end":{"line":796,"column":57}},"288":{"start":{"line":797,"column":8},"end":{"line":797,"column":108}},"289":{"start":{"line":799,"column":8},"end":{"line":799,"column":25}},"290":{"start":{"line":802,"column":8},"end":{"line":827,"column":9}},"291":{"start":{"line":803,"column":12},"end":{"line":803,"column":69}},"292":{"start":{"line":804,"column":30},"end":{"line":806,"column":61}},"293":{"start":{"line":807,"column":12},"end":{"line":824,"column":13}},"294":{"start":{"line":808,"column":16},"end":{"line":821,"column":17}},"295":{"start":{"line":809,"column":20},"end":{"line":809,"column":71}},"296":{"start":{"line":810,"column":38},"end":{"line":810,"column":110}},"297":{"start":{"line":811,"column":39},"end":{"line":811,"column":112}},"298":{"start":{"line":812,"column":20},"end":{"line":816,"column":23}},"299":{"start":{"line":817,"column":20},"end":{"line":817,"column":76}},"300":{"start":{"line":818,"column":20},"end":{"line":818,"column":37}},"301":{"start":{"line":820,"column":20},"end":{"line":820,"column":76}},"302":{"start":{"line":823,"column":16},"end":{"line":823,"column":83}},"303":{"start":{"line":826,"column":12},"end":{"line":826,"column":51}},"304":{"start":{"line":830,"column":8},"end":{"line":830,"column":52}},"305":{"start":{"line":831,"column":8},"end":{"line":831,"column":121}},"306":{"start":{"line":832,"column":8},"end":{"line":832,"column":53}},"307":{"start":{"line":833,"column":8},"end":{"line":833,"column":27}},"308":{"start":{"line":835,"column":8},"end":{"line":841,"column":9}},"309":{"start":{"line":836,"column":12},"end":{"line":836,"column":62}},"310":{"start":{"line":837,"column":12},"end":{"line":837,"column":156}},"311":{"start":{"line":838,"column":12},"end":{"line":838,"column":31}},"312":{"start":{"line":840,"column":12},"end":{"line":840,"column":48}},"313":{"start":{"line":843,"column":8},"end":{"line":843,"column":54}},"314":{"start":{"line":844,"column":8},"end":{"line":844,"column":162}},"315":{"start":{"line":847,"column":8},"end":{"line":869,"column":9}},"316":{"start":{"line":848,"column":12},"end":{"line":848,"column":73}},"317":{"start":{"line":849,"column":12},"end":{"line":866,"column":15}},"318":{"start":{"line":850,"column":16},"end":{"line":865,"column":17}},"319":{"start":{"line":851,"column":20},"end":{"line":851,"column":95}},"320":{"start":{"line":852,"column":20},"end":{"line":852,"column":37}},"321":{"start":{"line":854,"column":20},"end":{"line":854,"column":205}},"322":{"start":{"line":855,"column":20},"end":{"line":855,"column":99}},"323":{"start":{"line":857,"column":20},"end":{"line":862,"column":21}},"324":{"start":{"line":858,"column":24},"end":{"line":858,"column":87}},"325":{"start":{"line":859,"column":24},"end":{"line":859,"column":64}},"326":{"start":{"line":861,"column":24},"end":{"line":861,"column":83}},"327":{"start":{"line":864,"column":20},"end":{"line":864,"column":99}},"328":{"start":{"line":868,"column":12},"end":{"line":868,"column":52}},"329":{"start":{"line":872,"column":8},"end":{"line":872,"column":43}},"330":{"start":{"line":873,"column":8},"end":{"line":873,"column":21}},"331":{"start":{"line":876,"column":8},"end":{"line":876,"column":71}},"332":{"start":{"line":877,"column":8},"end":{"line":879,"column":9}},"333":{"start":{"line":878,"column":12},"end":{"line":878,"column":80}},"334":{"start":{"line":884,"column":0},"end":{"line":884,"column":51}}},"fnMap":{"0":{"name":"(anonymous_0)","decl":{"start":{"line":43,"column":30},"end":{"line":43,"column":31}},"loc":{"start":{"line":43,"column":51},"end":{"line":267,"column":1}},"line":43},"1":{"name":"(anonymous_1)","decl":{"start":{"line":270,"column":29},"end":{"line":270,"column":30}},"loc":{"start":{"line":270,"column":43},"end":{"line":305,"column":1}},"line":270},"2":{"name":"(anonymous_2)","decl":{"start":{"line":274,"column":24},"end":{"line":274,"column":25}},"loc":{"start":{"line":274,"column":30},"end":{"line":285,"column":5}},"line":274},"3":{"name":"(anonymous_3)","decl":{"start":{"line":286,"column":21},"end":{"line":286,"column":22}},"loc":{"start":{"line":286,"column":32},"end":{"line":302,"column":5}},"line":286},"4":{"name":"(anonymous_4)","decl":{"start":{"line":308,"column":25},"end":{"line":308,"column":26}},"loc":{"start":{"line":308,"column":45},"end":{"line":521,"column":1}},"line":308},"5":{"name":"(anonymous_5)","decl":{"start":{"line":452,"column":30},"end":{"line":452,"column":31}},"loc":{"start":{"line":452,"column":50},"end":{"line":486,"column":9}},"line":452},"6":{"name":"(anonymous_6)","decl":{"start":{"line":557,"column":27},"end":{"line":557,"column":28}},"loc":{"start":{"line":557,"column":58},"end":{"line":619,"column":1}},"line":557},"7":{"name":"(anonymous_7)","decl":{"start":{"line":569,"column":24},"end":{"line":569,"column":25}},"loc":{"start":{"line":569,"column":30},"end":{"line":577,"column":5}},"line":569},"8":{"name":"(anonymous_8)","decl":{"start":{"line":621,"column":23},"end":{"line":621,"column":24}},"loc":{"start":{"line":621,"column":49},"end":{"line":769,"column":1}},"line":621},"9":{"name":"(anonymous_9)","decl":{"start":{"line":772,"column":20},"end":{"line":772,"column":21}},"loc":{"start":{"line":772,"column":40},"end":{"line":881,"column":1}},"line":772},"10":{"name":"(anonymous_10)","decl":{"start":{"line":849,"column":34},"end":{"line":849,"column":35}},"loc":{"start":{"line":849,"column":54},"end":{"line":866,"column":13}},"line":849}},"branchMap":{"0":{"loc":{"start":{"line":54,"column":12},"end":{"line":260,"column":13}},"type":"if","locations":[{"start":{"line":54,"column":12},"end":{"line":260,"column":13}},{"start":{"line":95,"column":19},"end":{"line":260,"column":13}}],"line":54},"1":{"loc":{"start":{"line":57,"column":16},"end":{"line":94,"column":17}},"type":"if","locations":[{"start":{"line":57,"column":16},"end":{"line":94,"column":17}},{"start":{},"end":{}}],"line":57},"2":{"loc":{"start":{"line":57,"column":20},"end":{"line":57,"column":60}},"type":"binary-expr","locations":[{"start":{"line":57,"column":20},"end":{"line":57,"column":29}},{"start":{"line":57,"column":33},"end":{"line":57,"column":60}}],"line":57},"3":{"loc":{"start":{"line":60,"column":20},"end":{"line":76,"column":21}},"type":"switch","locations":[{"start":{"line":61,"column":24},"end":{"line":64,"column":34}},{"start":{"line":65,"column":24},"end":{"line":68,"column":34}},{"start":{"line":69,"column":24},"end":{"line":72,"column":34}},{"start":{"line":73,"column":24},"end":{"line":75,"column":60}}],"line":60},"4":{"loc":{"start":{"line":95,"column":19},"end":{"line":260,"column":13}},"type":"if","locations":[{"start":{"line":95,"column":19},"end":{"line":260,"column":13}},{"start":{"line":115,"column":19},"end":{"line":260,"column":13}}],"line":95},"5":{"loc":{"start":{"line":97,"column":16},"end":{"line":114,"column":17}},"type":"if","locations":[{"start":{"line":97,"column":16},"end":{"line":114,"column":17}},{"start":{},"end":{}}],"line":97},"6":{"loc":{"start":{"line":97,"column":20},"end":{"line":97,"column":82}},"type":"binary-expr","locations":[{"start":{"line":97,"column":20},"end":{"line":97,"column":29}},{"start":{"line":97,"column":33},"end":{"line":97,"column":60}},{"start":{"line":97,"column":64},"end":{"line":97,"column":82}}],"line":97},"7":{"loc":{"start":{"line":99,"column":20},"end":{"line":112,"column":21}},"type":"if","locations":[{"start":{"line":99,"column":20},"end":{"line":112,"column":21}},{"start":{},"end":{}}],"line":99},"8":{"loc":{"start":{"line":115,"column":19},"end":{"line":260,"column":13}},"type":"if","locations":[{"start":{"line":115,"column":19},"end":{"line":260,"column":13}},{"start":{"line":119,"column":17},"end":{"line":260,"column":13}}],"line":115},"9":{"loc":{"start":{"line":119,"column":17},"end":{"line":260,"column":13}},"type":"if","locations":[{"start":{"line":119,"column":17},"end":{"line":260,"column":13}},{"start":{"line":132,"column":17},"end":{"line":260,"column":13}}],"line":119},"10":{"loc":{"start":{"line":132,"column":17},"end":{"line":260,"column":13}},"type":"if","locations":[{"start":{"line":132,"column":17},"end":{"line":260,"column":13}},{"start":{"line":137,"column":17},"end":{"line":260,"column":13}}],"line":132},"11":{"loc":{"start":{"line":137,"column":17},"end":{"line":260,"column":13}},"type":"if","locations":[{"start":{"line":137,"column":17},"end":{"line":260,"column":13}},{"start":{"line":151,"column":17},"end":{"line":260,"column":13}}],"line":137},"12":{"loc":{"start":{"line":151,"column":17},"end":{"line":260,"column":13}},"type":"if","locations":[{"start":{"line":151,"column":17},"end":{"line":260,"column":13}},{"start":{"line":186,"column":19},"end":{"line":260,"column":13}}],"line":151},"13":{"loc":{"start":{"line":153,"column":16},"end":{"line":185,"column":17}},"type":"if","locations":[{"start":{"line":153,"column":16},"end":{"line":185,"column":17}},{"start":{},"end":{}}],"line":153},"14":{"loc":{"start":{"line":153,"column":20},"end":{"line":153,"column":68}},"type":"binary-expr","locations":[{"start":{"line":153,"column":20},"end":{"line":153,"column":29}},{"start":{"line":153,"column":33},"end":{"line":153,"column":68}}],"line":153},"15":{"loc":{"start":{"line":155,"column":20},"end":{"line":184,"column":21}},"type":"if","locations":[{"start":{"line":155,"column":20},"end":{"line":184,"column":21}},{"start":{},"end":{}}],"line":155},"16":{"loc":{"start":{"line":155,"column":24},"end":{"line":155,"column":92}},"type":"binary-expr","locations":[{"start":{"line":155,"column":24},"end":{"line":155,"column":35}},{"start":{"line":155,"column":39},"end":{"line":155,"column":68}},{"start":{"line":155,"column":72},"end":{"line":155,"column":92}}],"line":155},"17":{"loc":{"start":{"line":158,"column":24},"end":{"line":164,"column":25}},"type":"if","locations":[{"start":{"line":158,"column":24},"end":{"line":164,"column":25}},{"start":{"line":161,"column":29},"end":{"line":164,"column":25}}],"line":158},"18":{"loc":{"start":{"line":161,"column":29},"end":{"line":164,"column":25}},"type":"if","locations":[{"start":{"line":161,"column":29},"end":{"line":164,"column":25}},{"start":{},"end":{}}],"line":161},"19":{"loc":{"start":{"line":186,"column":19},"end":{"line":260,"column":13}},"type":"if","locations":[{"start":{"line":186,"column":19},"end":{"line":260,"column":13}},{"start":{"line":225,"column":19},"end":{"line":260,"column":13}}],"line":186},"20":{"loc":{"start":{"line":189,"column":16},"end":{"line":224,"column":17}},"type":"if","locations":[{"start":{"line":189,"column":16},"end":{"line":224,"column":17}},{"start":{},"end":{}}],"line":189},"21":{"loc":{"start":{"line":189,"column":20},"end":{"line":189,"column":68}},"type":"binary-expr","locations":[{"start":{"line":189,"column":20},"end":{"line":189,"column":29}},{"start":{"line":189,"column":33},"end":{"line":189,"column":68}}],"line":189},"22":{"loc":{"start":{"line":191,"column":20},"end":{"line":223,"column":21}},"type":"if","locations":[{"start":{"line":191,"column":20},"end":{"line":223,"column":21}},{"start":{},"end":{}}],"line":191},"23":{"loc":{"start":{"line":191,"column":24},"end":{"line":191,"column":68}},"type":"binary-expr","locations":[{"start":{"line":191,"column":24},"end":{"line":191,"column":35}},{"start":{"line":191,"column":39},"end":{"line":191,"column":68}}],"line":191},"24":{"loc":{"start":{"line":225,"column":19},"end":{"line":260,"column":13}},"type":"if","locations":[{"start":{"line":225,"column":19},"end":{"line":260,"column":13}},{"start":{"line":245,"column":19},"end":{"line":260,"column":13}}],"line":225},"25":{"loc":{"start":{"line":225,"column":23},"end":{"line":225,"column":76}},"type":"binary-expr","locations":[{"start":{"line":225,"column":23},"end":{"line":225,"column":50}},{"start":{"line":225,"column":54},"end":{"line":225,"column":76}}],"line":225},"26":{"loc":{"start":{"line":245,"column":19},"end":{"line":260,"column":13}},"type":"if","locations":[{"start":{"line":245,"column":19},"end":{"line":260,"column":13}},{"start":{},"end":{}}],"line":245},"27":{"loc":{"start":{"line":275,"column":8},"end":{"line":284,"column":9}},"type":"if","locations":[{"start":{"line":275,"column":8},"end":{"line":284,"column":9}},{"start":{},"end":{}}],"line":275},"28":{"loc":{"start":{"line":287,"column":8},"end":{"line":301,"column":9}},"type":"if","locations":[{"start":{"line":287,"column":8},"end":{"line":301,"column":9}},{"start":{"line":290,"column":15},"end":{"line":301,"column":9}}],"line":287},"29":{"loc":{"start":{"line":290,"column":15},"end":{"line":301,"column":9}},"type":"if","locations":[{"start":{"line":290,"column":15},"end":{"line":301,"column":9}},{"start":{"line":293,"column":15},"end":{"line":301,"column":9}}],"line":290},"30":{"loc":{"start":{"line":293,"column":15},"end":{"line":301,"column":9}},"type":"if","locations":[{"start":{"line":293,"column":15},"end":{"line":301,"column":9}},{"start":{"line":296,"column":15},"end":{"line":301,"column":9}}],"line":293},"31":{"loc":{"start":{"line":296,"column":15},"end":{"line":301,"column":9}},"type":"if","locations":[{"start":{"line":296,"column":15},"end":{"line":301,"column":9}},{"start":{"line":299,"column":15},"end":{"line":301,"column":9}}],"line":296},"32":{"loc":{"start":{"line":299,"column":15},"end":{"line":301,"column":9}},"type":"if","locations":[{"start":{"line":299,"column":15},"end":{"line":301,"column":9}},{"start":{},"end":{}}],"line":299},"33":{"loc":{"start":{"line":312,"column":8},"end":{"line":314,"column":9}},"type":"if","locations":[{"start":{"line":312,"column":8},"end":{"line":314,"column":9}},{"start":{},"end":{}}],"line":312},"34":{"loc":{"start":{"line":315,"column":8},"end":{"line":317,"column":9}},"type":"if","locations":[{"start":{"line":315,"column":8},"end":{"line":317,"column":9}},{"start":{},"end":{}}],"line":315},"35":{"loc":{"start":{"line":324,"column":8},"end":{"line":364,"column":9}},"type":"if","locations":[{"start":{"line":324,"column":8},"end":{"line":364,"column":9}},{"start":{},"end":{}}],"line":324},"36":{"loc":{"start":{"line":324,"column":12},"end":{"line":324,"column":68}},"type":"binary-expr","locations":[{"start":{"line":324,"column":12},"end":{"line":324,"column":27}},{"start":{"line":324,"column":31},"end":{"line":324,"column":68}}],"line":324},"37":{"loc":{"start":{"line":325,"column":30},"end":{"line":327,"column":61}},"type":"cond-expr","locations":[{"start":{"line":326,"column":18},"end":{"line":326,"column":74}},{"start":{"line":327,"column":18},"end":{"line":327,"column":61}}],"line":325},"38":{"loc":{"start":{"line":329,"column":16},"end":{"line":360,"column":17}},"type":"if","locations":[{"start":{"line":329,"column":16},"end":{"line":360,"column":17}},{"start":{},"end":{}}],"line":329},"39":{"loc":{"start":{"line":391,"column":8},"end":{"line":409,"column":9}},"type":"if","locations":[{"start":{"line":391,"column":8},"end":{"line":409,"column":9}},{"start":{},"end":{}}],"line":391},"40":{"loc":{"start":{"line":391,"column":12},"end":{"line":391,"column":49}},"type":"binary-expr","locations":[{"start":{"line":391,"column":12},"end":{"line":391,"column":25}},{"start":{"line":391,"column":29},"end":{"line":391,"column":49}}],"line":391},"41":{"loc":{"start":{"line":455,"column":16},"end":{"line":460,"column":17}},"type":"if","locations":[{"start":{"line":455,"column":16},"end":{"line":460,"column":17}},{"start":{},"end":{}}],"line":455},"42":{"loc":{"start":{"line":480,"column":64},"end":{"line":480,"column":85}},"type":"binary-expr","locations":[{"start":{"line":480,"column":64},"end":{"line":480,"column":79}},{"start":{"line":480,"column":83},"end":{"line":480,"column":85}}],"line":480},"43":{"loc":{"start":{"line":517,"column":8},"end":{"line":519,"column":9}},"type":"if","locations":[{"start":{"line":517,"column":8},"end":{"line":519,"column":9}},{"start":{},"end":{}}],"line":517},"44":{"loc":{"start":{"line":557,"column":41},"end":{"line":557,"column":53}},"type":"default-arg","locations":[{"start":{"line":557,"column":51},"end":{"line":557,"column":53}}],"line":557},"45":{"loc":{"start":{"line":558,"column":4},"end":{"line":558,"column":47}},"type":"if","locations":[{"start":{"line":558,"column":4},"end":{"line":558,"column":47}},{"start":{},"end":{}}],"line":558},"46":{"loc":{"start":{"line":558,"column":8},"end":{"line":558,"column":38}},"type":"binary-expr","locations":[{"start":{"line":558,"column":8},"end":{"line":558,"column":15}},{"start":{"line":558,"column":19},"end":{"line":558,"column":38}}],"line":558},"47":{"loc":{"start":{"line":561,"column":15},"end":{"line":561,"column":41}},"type":"binary-expr","locations":[{"start":{"line":561,"column":15},"end":{"line":561,"column":28}},{"start":{"line":561,"column":32},"end":{"line":561,"column":41}}],"line":561},"48":{"loc":{"start":{"line":562,"column":16},"end":{"line":562,"column":35}},"type":"binary-expr","locations":[{"start":{"line":562,"column":16},"end":{"line":562,"column":30}},{"start":{"line":562,"column":34},"end":{"line":562,"column":35}}],"line":562},"49":{"loc":{"start":{"line":563,"column":17},"end":{"line":563,"column":37}},"type":"binary-expr","locations":[{"start":{"line":563,"column":17},"end":{"line":563,"column":32}},{"start":{"line":563,"column":36},"end":{"line":563,"column":37}}],"line":563},"50":{"loc":{"start":{"line":570,"column":8},"end":{"line":576,"column":9}},"type":"if","locations":[{"start":{"line":570,"column":8},"end":{"line":576,"column":9}},{"start":{},"end":{}}],"line":570},"51":{"loc":{"start":{"line":581,"column":8},"end":{"line":607,"column":9}},"type":"if","locations":[{"start":{"line":581,"column":8},"end":{"line":607,"column":9}},{"start":{"line":584,"column":13},"end":{"line":607,"column":9}}],"line":581},"52":{"loc":{"start":{"line":584,"column":13},"end":{"line":607,"column":9}},"type":"if","locations":[{"start":{"line":584,"column":13},"end":{"line":607,"column":9}},{"start":{"line":588,"column":13},"end":{"line":607,"column":9}}],"line":584},"53":{"loc":{"start":{"line":588,"column":13},"end":{"line":607,"column":9}},"type":"if","locations":[{"start":{"line":588,"column":13},"end":{"line":607,"column":9}},{"start":{"line":592,"column":13},"end":{"line":607,"column":9}}],"line":588},"54":{"loc":{"start":{"line":592,"column":13},"end":{"line":607,"column":9}},"type":"if","locations":[{"start":{"line":592,"column":13},"end":{"line":607,"column":9}},{"start":{"line":596,"column":13},"end":{"line":607,"column":9}}],"line":592},"55":{"loc":{"start":{"line":596,"column":13},"end":{"line":607,"column":9}},"type":"if","locations":[{"start":{"line":596,"column":13},"end":{"line":607,"column":9}},{"start":{"line":600,"column":13},"end":{"line":607,"column":9}}],"line":596},"56":{"loc":{"start":{"line":600,"column":13},"end":{"line":607,"column":9}},"type":"if","locations":[{"start":{"line":600,"column":13},"end":{"line":607,"column":9}},{"start":{},"end":{}}],"line":600},"57":{"loc":{"start":{"line":609,"column":4},"end":{"line":618,"column":5}},"type":"if","locations":[{"start":{"line":609,"column":4},"end":{"line":618,"column":5}},{"start":{"line":614,"column":11},"end":{"line":618,"column":5}}],"line":609},"58":{"loc":{"start":{"line":622,"column":4},"end":{"line":622,"column":66}},"type":"if","locations":[{"start":{"line":622,"column":4},"end":{"line":622,"column":66}},{"start":{},"end":{}}],"line":622},"59":{"loc":{"start":{"line":622,"column":8},"end":{"line":622,"column":57}},"type":"binary-expr","locations":[{"start":{"line":622,"column":8},"end":{"line":622,"column":24}},{"start":{"line":622,"column":28},"end":{"line":622,"column":57}}],"line":622},"60":{"loc":{"start":{"line":632,"column":12},"end":{"line":763,"column":13}},"type":"if","locations":[{"start":{"line":632,"column":12},"end":{"line":763,"column":13}},{"start":{"line":671,"column":19},"end":{"line":763,"column":13}}],"line":632},"61":{"loc":{"start":{"line":636,"column":16},"end":{"line":648,"column":17}},"type":"switch","locations":[{"start":{"line":637,"column":20},"end":{"line":639,"column":30}},{"start":{"line":640,"column":20},"end":{"line":642,"column":30}},{"start":{"line":643,"column":20},"end":{"line":645,"column":30}},{"start":{"line":646,"column":20},"end":{"line":647,"column":59}}],"line":636},"62":{"loc":{"start":{"line":657,"column":16},"end":{"line":663,"column":17}},"type":"if","locations":[{"start":{"line":657,"column":16},"end":{"line":663,"column":17}},{"start":{},"end":{}}],"line":657},"63":{"loc":{"start":{"line":657,"column":20},"end":{"line":657,"column":76}},"type":"binary-expr","locations":[{"start":{"line":657,"column":20},"end":{"line":657,"column":41}},{"start":{"line":657,"column":45},"end":{"line":657,"column":76}}],"line":657},"64":{"loc":{"start":{"line":668,"column":16},"end":{"line":670,"column":17}},"type":"if","locations":[{"start":{"line":668,"column":16},"end":{"line":670,"column":17}},{"start":{},"end":{}}],"line":668},"65":{"loc":{"start":{"line":668,"column":20},"end":{"line":668,"column":83}},"type":"binary-expr","locations":[{"start":{"line":668,"column":20},"end":{"line":668,"column":41}},{"start":{"line":668,"column":45},"end":{"line":668,"column":83}}],"line":668},"66":{"loc":{"start":{"line":671,"column":19},"end":{"line":763,"column":13}},"type":"if","locations":[{"start":{"line":671,"column":19},"end":{"line":763,"column":13}},{"start":{"line":692,"column":19},"end":{"line":763,"column":13}}],"line":671},"67":{"loc":{"start":{"line":677,"column":16},"end":{"line":683,"column":17}},"type":"if","locations":[{"start":{"line":677,"column":16},"end":{"line":683,"column":17}},{"start":{},"end":{}}],"line":677},"68":{"loc":{"start":{"line":677,"column":20},"end":{"line":677,"column":76}},"type":"binary-expr","locations":[{"start":{"line":677,"column":20},"end":{"line":677,"column":41}},{"start":{"line":677,"column":45},"end":{"line":677,"column":76}}],"line":677},"69":{"loc":{"start":{"line":684,"column":16},"end":{"line":688,"column":17}},"type":"if","locations":[{"start":{"line":684,"column":16},"end":{"line":688,"column":17}},{"start":{},"end":{}}],"line":684},"70":{"loc":{"start":{"line":689,"column":16},"end":{"line":691,"column":17}},"type":"if","locations":[{"start":{"line":689,"column":16},"end":{"line":691,"column":17}},{"start":{},"end":{}}],"line":689},"71":{"loc":{"start":{"line":689,"column":20},"end":{"line":689,"column":85}},"type":"binary-expr","locations":[{"start":{"line":689,"column":20},"end":{"line":689,"column":41}},{"start":{"line":689,"column":45},"end":{"line":689,"column":85}}],"line":689},"72":{"loc":{"start":{"line":692,"column":19},"end":{"line":763,"column":13}},"type":"if","locations":[{"start":{"line":692,"column":19},"end":{"line":763,"column":13}},{"start":{"line":699,"column":17},"end":{"line":763,"column":13}}],"line":692},"73":{"loc":{"start":{"line":699,"column":17},"end":{"line":763,"column":13}},"type":"if","locations":[{"start":{"line":699,"column":17},"end":{"line":763,"column":13}},{"start":{"line":705,"column":19},"end":{"line":763,"column":13}}],"line":699},"74":{"loc":{"start":{"line":705,"column":19},"end":{"line":763,"column":13}},"type":"if","locations":[{"start":{"line":705,"column":19},"end":{"line":763,"column":13}},{"start":{"line":712,"column":19},"end":{"line":763,"column":13}}],"line":705},"75":{"loc":{"start":{"line":712,"column":19},"end":{"line":763,"column":13}},"type":"if","locations":[{"start":{"line":712,"column":19},"end":{"line":763,"column":13}},{"start":{"line":719,"column":19},"end":{"line":763,"column":13}}],"line":712},"76":{"loc":{"start":{"line":719,"column":19},"end":{"line":763,"column":13}},"type":"if","locations":[{"start":{"line":719,"column":19},"end":{"line":763,"column":13}},{"start":{"line":746,"column":19},"end":{"line":763,"column":13}}],"line":719},"77":{"loc":{"start":{"line":721,"column":16},"end":{"line":726,"column":17}},"type":"if","locations":[{"start":{"line":721,"column":16},"end":{"line":726,"column":17}},{"start":{"line":723,"column":23},"end":{"line":726,"column":17}}],"line":721},"78":{"loc":{"start":{"line":723,"column":23},"end":{"line":726,"column":17}},"type":"if","locations":[{"start":{"line":723,"column":23},"end":{"line":726,"column":17}},{"start":{},"end":{}}],"line":723},"79":{"loc":{"start":{"line":732,"column":20},"end":{"line":741,"column":21}},"type":"if","locations":[{"start":{"line":732,"column":20},"end":{"line":741,"column":21}},{"start":{"line":739,"column":27},"end":{"line":741,"column":21}}],"line":732},"80":{"loc":{"start":{"line":739,"column":27},"end":{"line":741,"column":21}},"type":"if","locations":[{"start":{"line":739,"column":27},"end":{"line":741,"column":21}},{"start":{},"end":{}}],"line":739},"81":{"loc":{"start":{"line":746,"column":19},"end":{"line":763,"column":13}},"type":"if","locations":[{"start":{"line":746,"column":19},"end":{"line":763,"column":13}},{"start":{"line":759,"column":19},"end":{"line":763,"column":13}}],"line":746},"82":{"loc":{"start":{"line":746,"column":23},"end":{"line":746,"column":76}},"type":"binary-expr","locations":[{"start":{"line":746,"column":23},"end":{"line":746,"column":50}},{"start":{"line":746,"column":54},"end":{"line":746,"column":76}}],"line":746},"83":{"loc":{"start":{"line":759,"column":19},"end":{"line":763,"column":13}},"type":"if","locations":[{"start":{"line":759,"column":19},"end":{"line":763,"column":13}},{"start":{},"end":{}}],"line":759},"84":{"loc":{"start":{"line":777,"column":40},"end":{"line":777,"column":64}},"type":"cond-expr","locations":[{"start":{"line":777,"column":47},"end":{"line":777,"column":57}},{"start":{"line":777,"column":60},"end":{"line":777,"column":64}}],"line":777},"85":{"loc":{"start":{"line":779,"column":8},"end":{"line":781,"column":9}},"type":"if","locations":[{"start":{"line":779,"column":8},"end":{"line":781,"column":9}},{"start":{},"end":{}}],"line":779},"86":{"loc":{"start":{"line":782,"column":8},"end":{"line":784,"column":9}},"type":"if","locations":[{"start":{"line":782,"column":8},"end":{"line":784,"column":9}},{"start":{},"end":{}}],"line":782},"87":{"loc":{"start":{"line":802,"column":8},"end":{"line":827,"column":9}},"type":"if","locations":[{"start":{"line":802,"column":8},"end":{"line":827,"column":9}},{"start":{"line":825,"column":15},"end":{"line":827,"column":9}}],"line":802},"88":{"loc":{"start":{"line":802,"column":12},"end":{"line":802,"column":68}},"type":"binary-expr","locations":[{"start":{"line":802,"column":12},"end":{"line":802,"column":27}},{"start":{"line":802,"column":31},"end":{"line":802,"column":68}}],"line":802},"89":{"loc":{"start":{"line":804,"column":30},"end":{"line":806,"column":61}},"type":"cond-expr","locations":[{"start":{"line":805,"column":18},"end":{"line":805,"column":74}},{"start":{"line":806,"column":18},"end":{"line":806,"column":61}}],"line":804},"90":{"loc":{"start":{"line":808,"column":16},"end":{"line":821,"column":17}},"type":"if","locations":[{"start":{"line":808,"column":16},"end":{"line":821,"column":17}},{"start":{"line":819,"column":23},"end":{"line":821,"column":17}}],"line":808},"91":{"loc":{"start":{"line":835,"column":8},"end":{"line":841,"column":9}},"type":"if","locations":[{"start":{"line":835,"column":8},"end":{"line":841,"column":9}},{"start":{"line":839,"column":15},"end":{"line":841,"column":9}}],"line":835},"92":{"loc":{"start":{"line":835,"column":12},"end":{"line":835,"column":49}},"type":"binary-expr","locations":[{"start":{"line":835,"column":12},"end":{"line":835,"column":25}},{"start":{"line":835,"column":29},"end":{"line":835,"column":49}}],"line":835},"93":{"loc":{"start":{"line":847,"column":8},"end":{"line":869,"column":9}},"type":"if","locations":[{"start":{"line":847,"column":8},"end":{"line":869,"column":9}},{"start":{"line":867,"column":15},"end":{"line":869,"column":9}}],"line":847},"94":{"loc":{"start":{"line":847,"column":12},"end":{"line":847,"column":53}},"type":"binary-expr","locations":[{"start":{"line":847,"column":12},"end":{"line":847,"column":25}},{"start":{"line":847,"column":29},"end":{"line":847,"column":53}}],"line":847},"95":{"loc":{"start":{"line":851,"column":54},"end":{"line":851,"column":93}},"type":"binary-expr","locations":[{"start":{"line":851,"column":54},"end":{"line":851,"column":67}},{"start":{"line":851,"column":71},"end":{"line":851,"column":93}}],"line":851},"96":{"loc":{"start":{"line":854,"column":145},"end":{"line":854,"column":184}},"type":"binary-expr","locations":[{"start":{"line":854,"column":145},"end":{"line":854,"column":158}},{"start":{"line":854,"column":162},"end":{"line":854,"column":184}}],"line":854},"97":{"loc":{"start":{"line":857,"column":20},"end":{"line":862,"column":21}},"type":"if","locations":[{"start":{"line":857,"column":20},"end":{"line":862,"column":21}},{"start":{"line":860,"column":27},"end":{"line":862,"column":21}}],"line":857},"98":{"loc":{"start":{"line":857,"column":24},"end":{"line":857,"column":65}},"type":"binary-expr","locations":[{"start":{"line":857,"column":24},"end":{"line":857,"column":39}},{"start":{"line":857,"column":43},"end":{"line":857,"column":65}}],"line":857},"99":{"loc":{"start":{"line":877,"column":8},"end":{"line":879,"column":9}},"type":"if","locations":[{"start":{"line":877,"column":8},"end":{"line":879,"column":9}},{"start":{},"end":{}}],"line":877}},"s":{"0":1,"1":1,"2":1,"3":1,"4":1,"5":1,"6":1,"7":1,"8":1,"9":2,"10":2,"11":2,"12":2,"13":2,"14":2,"15":2,"16":8,"17":8,"18":8,"19":2,"20":2,"21":2,"22":2,"23":2,"24":2,"25":2,"26":0,"27":0,"28":0,"29":0,"30":0,"31":0,"32":0,"33":0,"34":2,"35":2,"36":6,"37":2,"38":2,"39":2,"40":2,"41":2,"42":2,"43":4,"44":1,"45":1,"46":3,"47":1,"48":1,"49":1,"50":2,"51":0,"52":0,"53":0,"54":2,"55":0,"56":0,"57":0,"58":0,"59":2,"60":2,"61":2,"62":2,"63":2,"64":2,"65":2,"66":2,"67":2,"68":0,"69":0,"70":0,"71":2,"72":2,"73":0,"74":0,"75":0,"76":0,"77":0,"78":0,"79":0,"80":0,"81":0,"82":0,"83":0,"84":0,"85":2,"86":1,"87":4,"88":4,"89":4,"90":4,"91":8,"92":6,"93":6,"94":4,"95":11,"96":1,"97":1,"98":10,"99":1,"100":1,"101":9,"102":1,"103":1,"104":8,"105":1,"106":1,"107":7,"108":7,"109":4,"110":4,"111":1,"112":6,"113":6,"114":5,"115":1,"116":4,"117":1,"118":3,"119":3,"120":3,"121":1,"122":1,"123":1,"124":1,"125":1,"126":1,"127":1,"128":0,"129":3,"130":3,"131":3,"132":3,"133":1,"134":3,"135":3,"136":3,"137":3,"138":2,"139":2,"140":0,"141":2,"142":2,"143":2,"144":0,"145":3,"146":3,"147":3,"148":3,"149":3,"150":3,"151":1,"152":1,"153":1,"154":1,"155":1,"156":5,"157":0,"158":5,"159":5,"160":5,"161":5,"162":0,"163":0,"164":0,"165":5,"166":5,"167":5,"168":5,"169":5,"170":0,"171":0,"172":0,"173":0,"174":0,"175":0,"176":0,"177":0,"178":0,"179":0,"180":0,"181":0,"182":0,"183":0,"184":0,"185":0,"186":5,"187":5,"188":0,"189":1,"190":4,"191":0,"192":4,"193":4,"194":4,"195":4,"196":4,"197":4,"198":5,"199":5,"200":5,"201":1,"202":1,"203":1,"204":1,"205":0,"206":0,"207":0,"208":0,"209":0,"210":1,"211":1,"212":1,"213":1,"214":1,"215":1,"216":1,"217":1,"218":4,"219":4,"220":4,"221":4,"222":4,"223":4,"224":4,"225":4,"226":4,"227":0,"228":0,"229":0,"230":0,"231":0,"232":0,"233":0,"234":0,"235":0,"236":0,"237":0,"238":0,"239":0,"240":0,"241":0,"242":0,"243":0,"244":0,"245":0,"246":0,"247":0,"248":0,"249":0,"250":0,"251":0,"252":0,"253":0,"254":0,"255":0,"256":0,"257":0,"258":0,"259":0,"260":0,"261":0,"262":0,"263":0,"264":0,"265":0,"266":0,"267":0,"268":0,"269":0,"270":0,"271":0,"272":0,"273":0,"274":1,"275":6,"276":6,"277":6,"278":5,"279":5,"280":5,"281":1,"282":4,"283":1,"284":3,"285":3,"286":3,"287":3,"288":3,"289":3,"290":3,"291":1,"292":1,"293":1,"294":1,"295":1,"296":1,"297":1,"298":1,"299":1,"300":1,"301":0,"302":0,"303":2,"304":3,"305":3,"306":3,"307":3,"308":3,"309":1,"310":1,"311":1,"312":2,"313":3,"314":3,"315":3,"316":2,"317":2,"318":4,"319":4,"320":4,"321":4,"322":4,"323":4,"324":4,"325":4,"326":0,"327":0,"328":1,"329":3,"330":3,"331":1,"332":1,"333":1,"334":1},"f":{"0":2,"1":4,"2":8,"3":11,"4":6,"5":2,"6":5,"7":0,"8":4,"9":6,"10":4},"b":{"0":[2,6],"1":[2,0],"2":[2,2],"3":[2,0,0,0],"4":[2,4],"5":[2,0],"6":[2,2,2],"7":[2,0],"8":[1,3],"9":[1,2],"10":[0,2],"11":[0,2],"12":[2,0],"13":[2,0],"14":[2,2],"15":[2,0],"16":[2,2,2],"17":[2,0],"18":[0,0],"19":[0,0],"20":[0,0],"21":[0,0],"22":[0,0],"23":[0,0],"24":[0,0],"25":[0,0],"26":[0,0],"27":[6,2],"28":[1,10],"29":[1,9],"30":[1,8],"31":[1,7],"32":[7,0],"33":[1,4],"34":[1,3],"35":[1,2],"36":[3,1],"37":[1,0],"38":[1,0],"39":[1,2],"40":[3,1],"41":[0,2],"42":[2,0],"43":[1,0],"44":[0],"45":[0,5],"46":[5,5],"47":[5,0],"48":[5,5],"49":[5,1],"50":[0,0],"51":[5,0],"52":[0,0],"53":[0,0],"54":[0,0],"55":[0,0],"56":[0,0],"57":[5,0],"58":[0,4],"59":[4,4],"60":[1,4],"61":[1,0,0,0],"62":[1,0],"63":[1,1],"64":[1,0],"65":[1,1],"66":[4,0],"67":[4,0],"68":[4,4],"69":[4,0],"70":[4,0],"71":[4,4],"72":[0,0],"73":[0,0],"74":[0,0],"75":[0,0],"76":[0,0],"77":[0,0],"78":[0,0],"79":[0,0],"80":[0,0],"81":[0,0],"82":[0,0],"83":[0,0],"84":[4,1],"85":[1,4],"86":[1,3],"87":[1,2],"88":[3,1],"89":[1,0],"90":[1,0],"91":[1,2],"92":[3,1],"93":[2,1],"94":[3,3],"95":[4,0],"96":[4,0],"97":[4,0],"98":[4,4],"99":[1,0]},"_coverageSchema":"1a1c01bbd47fc00a2c39e90264f33305004495a9","hash":"c4b03aede5b241ba7b84fe310c7b45e7fed3118b"}
,"C:\\Users\\ASUS\\Desktop\\New folder\\eBook\\backend\\middlewares\\authMiddleware.js": {"path":"C:\\Users\\ASUS\\Desktop\\New folder\\eBook\\backend\\middlewares\\authMiddleware.js","statementMap":{"0":{"start":{"line":1,"column":12},"end":{"line":1,"column":35}},"1":{"start":{"line":2,"column":13},"end":{"line":2,"column":38}},"2":{"start":{"line":6,"column":16},"end":{"line":25,"column":1}},"3":{"start":{"line":8,"column":4},"end":{"line":21,"column":5}},"4":{"start":{"line":9,"column":8},"end":{"line":20,"column":9}},"5":{"start":{"line":11,"column":12},"end":{"line":11,"column":60}},"6":{"start":{"line":13,"column":28},"end":{"line":13,"column":69}},"7":{"start":{"line":15,"column":12},"end":{"line":15,"column":75}},"8":{"start":{"line":16,"column":12},"end":{"line":16,"column":19}},"9":{"start":{"line":18,"column":12},"end":{"line":18,"column":69}},"10":{"start":{"line":19,"column":12},"end":{"line":19,"column":78}},"11":{"start":{"line":22,"column":4},"end":{"line":24,"column":5}},"12":{"start":{"line":23,"column":8},"end":{"line":23,"column":70}},"13":{"start":{"line":26,"column":0},"end":{"line":26,"column":29}}},"fnMap":{"0":{"name":"(anonymous_0)","decl":{"start":{"line":6,"column":16},"end":{"line":6,"column":17}},"loc":{"start":{"line":6,"column":42},"end":{"line":25,"column":1}},"line":6}},"branchMap":{"0":{"loc":{"start":{"line":8,"column":4},"end":{"line":21,"column":5}},"type":"if","locations":[{"start":{"line":8,"column":4},"end":{"line":21,"column":5}},{"start":{},"end":{}}],"line":8},"1":{"loc":{"start":{"line":8,"column":8},"end":{"line":8,"column":83}},"type":"binary-expr","locations":[{"start":{"line":8,"column":8},"end":{"line":8,"column":33}},{"start":{"line":8,"column":37},"end":{"line":8,"column":83}}],"line":8},"2":{"loc":{"start":{"line":22,"column":4},"end":{"line":24,"column":5}},"type":"if","locations":[{"start":{"line":22,"column":4},"end":{"line":24,"column":5}},{"start":{},"end":{}}],"line":22}},"s":{"0":0,"1":0,"2":0,"3":0,"4":0,"5":0,"6":0,"7":0,"8":0,"9":0,"10":0,"11":0,"12":0,"13":0},"f":{"0":0},"b":{"0":[0,0],"1":[0,0],"2":[0,0]}}
,"C:\\Users\\ASUS\\Desktop\\New folder\\eBook\\backend\\middlewares\\rateLimiter.js": {"path":"C:\\Users\\ASUS\\Desktop\\New folder\\eBook\\backend\\middlewares\\rateLimiter.js","statementMap":{"0":{"start":{"line":1,"column":37},"end":{"line":1,"column":69}},"1":{"start":{"line":4,"column":2},"end":{"line":44,"column":4}},"2":{"start":{"line":6,"column":4},"end":{"line":9,"column":5}},"3":{"start":{"line":7,"column":6},"end":{"line":7,"column":63}},"4":{"start":{"line":8,"column":6},"end":{"line":8,"column":20}},"5":{"start":{"line":10,"column":4},"end":{"line":43,"column":5}},"6":{"start":{"line":11,"column":22},"end":{"line":11,"column":45}},"7":{"start":{"line":12,"column":18},"end":{"line":12,"column":35}},"8":{"start":{"line":13,"column":18},"end":{"line":13,"column":28}},"9":{"start":{"line":15,"column":25},"end":{"line":15,"column":61}},"10":{"start":{"line":17,"column":30},"end":{"line":19,"column":7}},"11":{"start":{"line":18,"column":15},"end":{"line":18,"column":53}},"12":{"start":{"line":21,"column":6},"end":{"line":25,"column":7}},"13":{"start":{"line":22,"column":8},"end":{"line":22,"column":35}},"14":{"start":{"line":23,"column":8},"end":{"line":24,"column":68}},"15":{"start":{"line":24,"column":10},"end":{"line":24,"column":68}},"16":{"start":{"line":27,"column":6},"end":{"line":34,"column":7}},"17":{"start":{"line":28,"column":27},"end":{"line":30,"column":9}},"18":{"start":{"line":31,"column":8},"end":{"line":33,"column":80}},"19":{"start":{"line":36,"column":6},"end":{"line":36,"column":48}},"20":{"start":{"line":37,"column":6},"end":{"line":37,"column":48}},"21":{"start":{"line":39,"column":6},"end":{"line":39,"column":13}},"22":{"start":{"line":41,"column":6},"end":{"line":41,"column":48}},"23":{"start":{"line":42,"column":6},"end":{"line":42,"column":13}},"24":{"start":{"line":47,"column":0},"end":{"line":47,"column":29}}},"fnMap":{"0":{"name":"rateLimiter","decl":{"start":{"line":3,"column":9},"end":{"line":3,"column":20}},"loc":{"start":{"line":3,"column":60},"end":{"line":45,"column":1}},"line":3},"1":{"name":"(anonymous_1)","decl":{"start":{"line":4,"column":9},"end":{"line":4,"column":10}},"loc":{"start":{"line":4,"column":35},"end":{"line":44,"column":3}},"line":4},"2":{"name":"(anonymous_2)","decl":{"start":{"line":18,"column":8},"end":{"line":18,"column":9}},"loc":{"start":{"line":18,"column":15},"end":{"line":18,"column":53}},"line":18}},"branchMap":{"0":{"loc":{"start":{"line":3,"column":23},"end":{"line":3,"column":38}},"type":"default-arg","locations":[{"start":{"line":3,"column":36},"end":{"line":3,"column":38}}],"line":3},"1":{"loc":{"start":{"line":3,"column":40},"end":{"line":3,"column":56}},"type":"default-arg","locations":[{"start":{"line":3,"column":54},"end":{"line":3,"column":56}}],"line":3},"2":{"loc":{"start":{"line":6,"column":4},"end":{"line":9,"column":5}},"type":"if","locations":[{"start":{"line":6,"column":4},"end":{"line":9,"column":5}},{"start":{},"end":{}}],"line":6},"3":{"loc":{"start":{"line":11,"column":22},"end":{"line":11,"column":45}},"type":"binary-expr","locations":[{"start":{"line":11,"column":22},"end":{"line":11,"column":35}},{"start":{"line":11,"column":39},"end":{"line":11,"column":45}}],"line":11},"4":{"loc":{"start":{"line":21,"column":6},"end":{"line":25,"column":7}},"type":"if","locations":[{"start":{"line":21,"column":6},"end":{"line":25,"column":7}},{"start":{},"end":{}}],"line":21},"5":{"loc":{"start":{"line":23,"column":8},"end":{"line":24,"column":68}},"type":"if","locations":[{"start":{"line":23,"column":8},"end":{"line":24,"column":68}},{"start":{},"end":{}}],"line":23},"6":{"loc":{"start":{"line":27,"column":6},"end":{"line":34,"column":7}},"type":"if","locations":[{"start":{"line":27,"column":6},"end":{"line":34,"column":7}},{"start":{},"end":{}}],"line":27}},"s":{"0":0,"1":0,"2":0,"3":0,"4":0,"5":0,"6":0,"7":0,"8":0,"9":0,"10":0,"11":0,"12":0,"13":0,"14":0,"15":0,"16":0,"17":0,"18":0,"19":0,"20":0,"21":0,"22":0,"23":0,"24":0},"f":{"0":0,"1":0,"2":0},"b":{"0":[0],"1":[0],"2":[0,0],"3":[0,0],"4":[0,0],"5":[0,0],"6":[0,0]}}
,"C:\\Users\\ASUS\\Desktop\\New folder\\eBook\\backend\\middlewares\\uploadMiddleware.js": {"path":"C:\\Users\\ASUS\\Desktop\\New folder\\eBook\\backend\\middlewares\\uploadMiddleware.js","statementMap":{"0":{"start":{"line":1,"column":15},"end":{"line":1,"column":32}},"1":{"start":{"line":2,"column":30},"end":{"line":2,"column":66}},"2":{"start":{"line":3,"column":19},"end":{"line":3,"column":50}},"3":{"start":{"line":6,"column":16},"end":{"line":17,"column":2}},"4":{"start":{"line":12,"column":17},"end":{"line":12,"column":62}},"5":{"start":{"line":13,"column":21},"end":{"line":13,"column":62}},"6":{"start":{"line":14,"column":6},"end":{"line":14,"column":39}},"7":{"start":{"line":20,"column":15},"end":{"line":23,"column":2}},"8":{"start":{"line":25,"column":0},"end":{"line":25,"column":24}}},"fnMap":{"0":{"name":"(anonymous_0)","decl":{"start":{"line":11,"column":15},"end":{"line":11,"column":16}},"loc":{"start":{"line":11,"column":30},"end":{"line":15,"column":5}},"line":11}},"branchMap":{"0":{"loc":{"start":{"line":12,"column":17},"end":{"line":12,"column":62}},"type":"binary-expr","locations":[{"start":{"line":12,"column":17},"end":{"line":12,"column":32}},{"start":{"line":12,"column":36},"end":{"line":12,"column":49}},{"start":{"line":12,"column":53},"end":{"line":12,"column":62}}],"line":12}},"s":{"0":0,"1":0,"2":0,"3":0,"4":0,"5":0,"6":0,"7":0,"8":0},"f":{"0":0},"b":{"0":[0,0,0]}}
,"C:\\Users\\ASUS\\Desktop\\New folder\\eBook\\backend\\models\\Book.js": {"path":"C:\\Users\\ASUS\\Desktop\\New folder\\eBook\\backend\\models\\Book.js","statementMap":{"0":{"start":{"line":1,"column":17},"end":{"line":1,"column":36}},"1":{"start":{"line":3,"column":22},"end":{"line":16,"column":3}},"2":{"start":{"line":17,"column":19},"end":{"line":49,"column":24}},"3":{"start":{"line":51,"column":0},"end":{"line":51,"column":47}},"4":{"start":{"line":54,"column":0},"end":{"line":54,"column":52}}},"fnMap":{},"branchMap":{},"s":{"0":2,"1":2,"2":2,"3":2,"4":2},"f":{},"b":{},"_coverageSchema":"1a1c01bbd47fc00a2c39e90264f33305004495a9","hash":"481c9672cb27177617208fff5071c87593fe32db"}
,"C:\\Users\\ASUS\\Desktop\\New folder\\eBook\\backend\\models\\User.js": {"path":"C:\\Users\\ASUS\\Desktop\\New folder\\eBook\\backend\\models\\User.js","statementMap":{"0":{"start":{"line":1,"column":17},"end":{"line":1,"column":36}},"1":{"start":{"line":2,"column":15},"end":{"line":2,"column":34}},"2":{"start":{"line":4,"column":19},"end":{"line":29,"column":22}},"3":{"start":{"line":31,"column":0},"end":{"line":38,"column":3}},"4":{"start":{"line":32,"column":4},"end":{"line":34,"column":5}},"5":{"start":{"line":33,"column":8},"end":{"line":33,"column":22}},"6":{"start":{"line":35,"column":17},"end":{"line":35,"column":41}},"7":{"start":{"line":36,"column":4},"end":{"line":36,"column":59}},"8":{"start":{"line":37,"column":4},"end":{"line":37,"column":11}},"9":{"start":{"line":41,"column":0},"end":{"line":43,"column":2}},"10":{"start":{"line":42,"column":4},"end":{"line":42,"column":64}},"11":{"start":{"line":45,"column":0},"end":{"line":45,"column":52}}},"fnMap":{"0":{"name":"(anonymous_0)","decl":{"start":{"line":31,"column":23},"end":{"line":31,"column":24}},"loc":{"start":{"line":31,"column":43},"end":{"line":38,"column":1}},"line":31},"1":{"name":"(anonymous_1)","decl":{"start":{"line":41,"column":35},"end":{"line":41,"column":36}},"loc":{"start":{"line":41,"column":66},"end":{"line":43,"column":1}},"line":41}},"branchMap":{"0":{"loc":{"start":{"line":32,"column":4},"end":{"line":34,"column":5}},"type":"if","locations":[{"start":{"line":32,"column":4},"end":{"line":34,"column":5}},{"start":{},"end":{}}],"line":32}},"s":{"0":1,"1":1,"2":1,"3":1,"4":0,"5":0,"6":0,"7":0,"8":0,"9":1,"10":0,"11":1},"f":{"0":0,"1":0},"b":{"0":[0,0]},"_coverageSchema":"1a1c01bbd47fc00a2c39e90264f33305004495a9","hash":"1497dc84f46ae128ebf284cd27d6e8db9fefca5f"}
,"C:\\Users\\ASUS\\Desktop\\New folder\\eBook\\backend\\services\\cacheService.js": {"path":"C:\\Users\\ASUS\\Desktop\\New folder\\eBook\\backend\\services\\cacheService.js","statementMap":{"0":{"start":{"line":1,"column":37},"end":{"line":1,"column":69}},"1":{"start":{"line":3,"column":0},"end":{"line":18,"column":2}},"2":{"start":{"line":5,"column":2},"end":{"line":8,"column":3}},"3":{"start":{"line":6,"column":4},"end":{"line":6,"column":53}},"4":{"start":{"line":7,"column":4},"end":{"line":7,"column":16}},"5":{"start":{"line":10,"column":2},"end":{"line":17,"column":3}},"6":{"start":{"line":11,"column":17},"end":{"line":11,"column":43}},"7":{"start":{"line":12,"column":4},"end":{"line":12,"column":42}},"8":{"start":{"line":14,"column":4},"end":{"line":14,"column":54}},"9":{"start":{"line":15,"column":4},"end":{"line":15,"column":34}},"10":{"start":{"line":16,"column":4},"end":{"line":16,"column":16}},"11":{"start":{"line":20,"column":0},"end":{"line":33,"column":2}},"12":{"start":{"line":22,"column":2},"end":{"line":25,"column":3}},"13":{"start":{"line":23,"column":4},"end":{"line":23,"column":61}},"14":{"start":{"line":24,"column":4},"end":{"line":24,"column":11}},"15":{"start":{"line":27,"column":2},"end":{"line":32,"column":3}},"16":{"start":{"line":28,"column":4},"end":{"line":28,"column":61}},"17":{"start":{"line":30,"column":4},"end":{"line":30,"column":54}},"18":{"start":{"line":31,"column":4},"end":{"line":31,"column":34}},"19":{"start":{"line":35,"column":0},"end":{"line":48,"column":2}},"20":{"start":{"line":37,"column":2},"end":{"line":40,"column":3}},"21":{"start":{"line":38,"column":4},"end":{"line":38,"column":64}},"22":{"start":{"line":39,"column":4},"end":{"line":39,"column":11}},"23":{"start":{"line":42,"column":2},"end":{"line":47,"column":3}},"24":{"start":{"line":43,"column":4},"end":{"line":43,"column":31}},"25":{"start":{"line":45,"column":4},"end":{"line":45,"column":54}},"26":{"start":{"line":46,"column":4},"end":{"line":46,"column":34}}},"fnMap":{"0":{"name":"(anonymous_0)","decl":{"start":{"line":3,"column":19},"end":{"line":3,"column":20}},"loc":{"start":{"line":3,"column":34},"end":{"line":18,"column":1}},"line":3},"1":{"name":"(anonymous_1)","decl":{"start":{"line":20,"column":19},"end":{"line":20,"column":20}},"loc":{"start":{"line":20,"column":53},"end":{"line":33,"column":1}},"line":20},"2":{"name":"(anonymous_2)","decl":{"start":{"line":35,"column":19},"end":{"line":35,"column":20}},"loc":{"start":{"line":35,"column":34},"end":{"line":48,"column":1}},"line":35}},"branchMap":{"0":{"loc":{"start":{"line":5,"column":2},"end":{"line":8,"column":3}},"type":"if","locations":[{"start":{"line":5,"column":2},"end":{"line":8,"column":3}},{"start":{},"end":{}}],"line":5},"1":{"loc":{"start":{"line":12,"column":11},"end":{"line":12,"column":41}},"type":"cond-expr","locations":[{"start":{"line":12,"column":18},"end":{"line":12,"column":34}},{"start":{"line":12,"column":37},"end":{"line":12,"column":41}}],"line":12},"2":{"loc":{"start":{"line":20,"column":38},"end":{"line":20,"column":48}},"type":"default-arg","locations":[{"start":{"line":20,"column":44},"end":{"line":20,"column":48}}],"line":20},"3":{"loc":{"start":{"line":22,"column":2},"end":{"line":25,"column":3}},"type":"if","locations":[{"start":{"line":22,"column":2},"end":{"line":25,"column":3}},{"start":{},"end":{}}],"line":22},"4":{"loc":{"start":{"line":37,"column":2},"end":{"line":40,"column":3}},"type":"if","locations":[{"start":{"line":37,"column":2},"end":{"line":40,"column":3}},{"start":{},"end":{}}],"line":37}},"s":{"0":1,"1":1,"2":0,"3":0,"4":0,"5":0,"6":0,"7":0,"8":0,"9":0,"10":0,"11":1,"12":0,"13":0,"14":0,"15":0,"16":0,"17":0,"18":0,"19":1,"20":0,"21":0,"22":0,"23":0,"24":0,"25":0,"26":0},"f":{"0":0,"1":0,"2":0},"b":{"0":[0,0],"1":[0,0],"2":[0],"3":[0,0],"4":[0,0]},"_coverageSchema":"1a1c01bbd47fc00a2c39e90264f33305004495a9","hash":"77dc2047e939505a8893ff0943759b85f14c8612"}
}
