TN:
SF:controller\aiController.js
FN:8,(anonymous_0)
FN:74,(anonymous_1)
FNF:2
FNH:2
FNDA:6,(anonymous_0)
FNDA:5,(anonymous_1)
DA:1,1
DA:2,1
DA:8,1
DA:9,6
DA:10,6
DA:11,6
DA:12,1
DA:15,5
DA:43,5
DA:47,4
DA:50,4
DA:51,4
DA:52,4
DA:53,1
DA:55,3
DA:58,3
DA:59,3
DA:60,2
DA:62,1
DA:63,1
DA:66,1
DA:67,1
DA:74,1
DA:75,5
DA:76,5
DA:77,5
DA:78,1
DA:80,4
DA:103,4
DA:107,3
DA:109,1
DA:110,1
DA:114,1
LF:33
LH:33
BRDA:11,0,0,1
BRDA:11,0,1,5
BRDA:18,1,0,1
BRDA:18,1,1,4
BRDA:20,2,0,5
BRDA:20,2,1,1
BRDA:22,3,0,5
BRDA:22,3,1,1
BRDA:52,4,0,1
BRDA:52,4,1,3
BRDA:52,5,0,4
BRDA:52,5,1,3
BRDA:77,6,0,1
BRDA:77,6,1,4
BRDA:83,7,0,1
BRDA:83,7,1,3
BRDA:93,8,0,1
BRDA:93,8,1,3
BRF:18
BRH:18
end_of_record
TN:
SF:controller\authController.js
FN:5,(anonymous_0)
FN:15,(anonymous_1)
FN:51,(anonymous_2)
FN:76,(anonymous_3)
FN:100,(anonymous_4)
FNF:5
FNH:5
FNDA:2,(anonymous_0)
FNDA:5,(anonymous_1)
FNDA:4,(anonymous_2)
FNDA:3,(anonymous_3)
FNDA:4,(anonymous_4)
DA:1,1
DA:2,1
DA:5,1
DA:6,2
DA:15,1
DA:16,5
DA:17,5
DA:18,5
DA:19,1
DA:23,4
DA:24,3
DA:25,1
DA:28,2
DA:34,2
DA:35,1
DA:41,1
DA:44,1
DA:51,1
DA:52,4
DA:53,4
DA:54,4
DA:55,3
DA:56,1
DA:64,2
DA:68,1
DA:76,1
DA:77,3
DA:78,3
DA:79,2
DA:80,1
DA:88,1
DA:92,1
DA:100,1
DA:101,4
DA:102,4
DA:103,3
DA:104,2
DA:105,2
DA:107,2
DA:108,2
DA:114,1
DA:118,1
LF:42
LH:42
BRDA:18,0,0,1
BRDA:18,0,1,4
BRDA:18,1,0,5
BRDA:18,1,1,5
BRDA:18,1,2,5
BRDA:24,2,0,1
BRDA:24,2,1,2
BRDA:34,3,0,1
BRDA:34,3,1,1
BRDA:55,4,0,1
BRDA:55,4,1,2
BRDA:55,5,0,3
BRDA:55,5,1,2
BRDA:79,6,0,1
BRDA:79,6,1,1
BRDA:103,7,0,2
BRDA:103,7,1,1
BRDA:104,8,0,2
BRDA:104,8,1,0
BRDA:105,9,0,2
BRDA:105,9,1,1
BRF:21
BRH:20
end_of_record
TN:
SF:controller\bookController.js
FN:7,(anonymous_0)
FN:32,(anonymous_1)
FN:82,(anonymous_2)
FN:100,(anonymous_3)
FN:119,(anonymous_4)
FN:138,(anonymous_5)
FNF:6
FNH:6
FNDA:4,(anonymous_0)
FNDA:5,(anonymous_1)
FNDA:4,(anonymous_2)
FNDA:4,(anonymous_3)
FNDA:4,(anonymous_4)
FNDA:6,(anonymous_5)
DA:1,1
DA:2,1
DA:3,1
DA:7,1
DA:8,4
DA:9,4
DA:10,4
DA:11,2
DA:13,2
DA:20,1
DA:22,1
DA:23,1
DA:25,1
DA:32,1
DA:33,5
DA:34,5
DA:37,5
DA:38,5
DA:40,5
DA:41,1
DA:42,1
DA:46,4
DA:47,4
DA:62,3
DA:63,1
DA:67,2
DA:68,1
DA:71,2
DA:73,1
DA:74,1
DA:82,1
DA:83,4
DA:84,4
DA:85,3
DA:86,1
DA:88,2
DA:89,1
DA:91,1
DA:93,1
DA:100,1
DA:101,4
DA:102,4
DA:103,3
DA:104,1
DA:106,2
DA:107,1
DA:109,1
DA:110,1
DA:112,1
DA:119,1
DA:120,4
DA:121,4
DA:122,3
DA:123,1
DA:125,2
DA:126,1
DA:128,1
DA:129,1
DA:131,1
DA:138,1
DA:139,6
DA:140,6
DA:141,5
DA:142,1
DA:145,4
DA:146,1
DA:149,3
DA:150,1
DA:154,2
DA:155,2
DA:156,2
DA:157,1
DA:159,1
DA:164,2
DA:169,2
DA:170,2
DA:172,1
DA:173,1
LF:78
LH:78
BRDA:10,0,0,2
BRDA:10,0,1,2
BRDA:10,1,0,4
BRDA:10,1,1,3
BRDA:40,2,0,1
BRDA:40,2,1,4
BRDA:62,3,0,1
BRDA:62,3,1,2
BRDA:67,4,0,1
BRDA:67,4,1,1
BRDA:85,5,0,1
BRDA:85,5,1,2
BRDA:88,6,0,1
BRDA:88,6,1,1
BRDA:103,7,0,1
BRDA:103,7,1,2
BRDA:106,8,0,1
BRDA:106,8,1,1
BRDA:122,9,0,1
BRDA:122,9,1,2
BRDA:125,10,0,1
BRDA:125,10,1,1
BRDA:141,11,0,1
BRDA:141,11,1,4
BRDA:145,12,0,1
BRDA:145,12,1,3
BRDA:149,13,0,1
BRDA:149,13,1,2
BRDA:154,14,0,2
BRDA:154,14,1,0
BRDA:154,15,0,2
BRDA:154,15,1,2
BRDA:166,16,0,2
BRDA:166,16,1,0
BRF:34
BRH:32
end_of_record
TN:
SF:controller\exportController.js
FN:43,(anonymous_0)
FN:270,(anonymous_1)
FN:274,(anonymous_2)
FN:286,(anonymous_3)
FN:308,(anonymous_4)
FN:452,(anonymous_5)
FN:557,(anonymous_6)
FN:569,(anonymous_7)
FN:621,(anonymous_8)
FN:772,(anonymous_9)
FN:849,(anonymous_10)
FNF:11
FNH:10
FNDA:2,(anonymous_0)
FNDA:4,(anonymous_1)
FNDA:8,(anonymous_2)
FNDA:11,(anonymous_3)
FNDA:6,(anonymous_4)
FNDA:2,(anonymous_5)
FNDA:5,(anonymous_6)
FNDA:0,(anonymous_7)
FNDA:4,(anonymous_8)
FNDA:6,(anonymous_9)
FNDA:4,(anonymous_10)
DA:3,1
DA:4,1
DA:5,1
DA:6,1
DA:7,1
DA:8,1
DA:13,1
DA:16,1
DA:43,1
DA:44,2
DA:45,2
DA:46,2
DA:47,2
DA:48,2
DA:50,2
DA:51,8
DA:53,8
DA:54,8
DA:55,2
DA:56,2
DA:57,2
DA:60,2
DA:62,2
DA:63,2
DA:64,2
DA:66,0
DA:67,0
DA:68,0
DA:70,0
DA:71,0
DA:72,0
DA:74,0
DA:75,0
DA:77,2
DA:92,2
DA:95,6
DA:96,2
DA:97,2
DA:98,2
DA:99,2
DA:100,2
DA:113,2
DA:115,4
DA:116,1
DA:117,1
DA:119,3
DA:120,1
DA:121,1
DA:123,1
DA:132,2
DA:133,0
DA:134,0
DA:135,0
DA:137,2
DA:138,0
DA:139,0
DA:140,0
DA:142,0
DA:151,2
DA:152,2
DA:153,2
DA:154,2
DA:155,2
DA:156,2
DA:157,2
DA:158,2
DA:159,2
DA:161,0
DA:162,0
DA:163,0
DA:165,2
DA:183,2
DA:186,0
DA:188,0
DA:189,0
DA:190,0
DA:191,0
DA:193,0
DA:222,0
DA:225,0
DA:226,0
DA:245,0
DA:246,0
DA:263,0
DA:266,2
DA:270,1
DA:271,4
DA:272,4
DA:273,4
DA:274,4
DA:275,8
DA:276,6
DA:283,6
DA:286,4
DA:287,11
DA:288,1
DA:289,1
DA:290,10
DA:291,1
DA:292,1
DA:293,9
DA:294,1
DA:295,1
DA:296,8
DA:297,1
DA:298,1
DA:299,7
DA:300,7
DA:303,4
DA:304,4
DA:308,1
DA:309,6
DA:310,6
DA:312,5
DA:313,1
DA:315,4
DA:316,1
DA:319,3
DA:322,3
DA:324,3
DA:325,1
DA:328,1
DA:329,1
DA:330,1
DA:333,1
DA:339,1
DA:356,1
DA:362,0
DA:365,3
DA:368,3
DA:371,3
DA:391,3
DA:392,1
DA:412,3
DA:431,3
DA:449,3
DA:452,3
DA:453,2
DA:455,2
DA:456,0
DA:462,2
DA:480,2
DA:481,2
DA:484,0
DA:489,3
DA:508,3
DA:511,3
DA:512,3
DA:513,3
DA:514,3
DA:516,1
DA:517,1
DA:518,1
DA:525,1
DA:557,1
DA:558,5
DA:560,5
DA:566,5
DA:567,5
DA:569,5
DA:570,0
DA:571,0
DA:575,0
DA:579,5
DA:580,5
DA:581,5
DA:582,5
DA:584,0
DA:585,0
DA:586,0
DA:588,0
DA:589,0
DA:590,0
DA:592,0
DA:593,0
DA:594,0
DA:596,0
DA:597,0
DA:598,0
DA:600,0
DA:601,0
DA:602,0
DA:606,0
DA:609,5
DA:610,5
DA:615,0
DA:621,1
DA:622,4
DA:624,4
DA:625,4
DA:626,4
DA:627,4
DA:629,4
DA:630,5
DA:631,5
DA:632,5
DA:633,1
DA:636,1
DA:638,1
DA:639,1
DA:641,0
DA:642,0
DA:644,0
DA:645,0
DA:647,0
DA:649,1
DA:652,1
DA:657,1
DA:658,1
DA:662,1
DA:664,1
DA:668,1
DA:669,1
DA:671,4
DA:672,4
DA:677,4
DA:678,4
DA:682,4
DA:684,4
DA:685,4
DA:689,4
DA:690,4
DA:692,0
DA:693,0
DA:694,0
DA:695,0
DA:699,0
DA:700,0
DA:701,0
DA:702,0
DA:705,0
DA:706,0
DA:707,0
DA:708,0
DA:709,0
DA:712,0
DA:713,0
DA:714,0
DA:715,0
DA:716,0
DA:719,0
DA:720,0
DA:721,0
DA:722,0
DA:723,0
DA:724,0
DA:725,0
DA:727,0
DA:729,0
DA:731,0
DA:732,0
DA:733,0
DA:737,0
DA:739,0
DA:740,0
DA:743,0
DA:746,0
DA:747,0
DA:750,0
DA:751,0
DA:755,0
DA:756,0
DA:759,0
DA:760,0
DA:761,0
DA:762,0
DA:765,0
DA:766,0
DA:772,1
DA:773,6
DA:774,6
DA:775,6
DA:776,5
DA:777,5
DA:779,5
DA:780,1
DA:782,4
DA:783,1
DA:787,3
DA:788,3
DA:795,3
DA:796,3
DA:797,3
DA:799,3
DA:802,3
DA:803,1
DA:804,1
DA:807,1
DA:808,1
DA:809,1
DA:810,1
DA:811,1
DA:812,1
DA:817,1
DA:818,1
DA:820,0
DA:823,0
DA:826,2
DA:830,3
DA:831,3
DA:832,3
DA:833,3
DA:835,3
DA:836,1
DA:837,1
DA:838,1
DA:840,2
DA:843,3
DA:844,3
DA:847,3
DA:848,2
DA:849,2
DA:850,4
DA:851,4
DA:852,4
DA:854,4
DA:855,4
DA:857,4
DA:858,4
DA:859,4
DA:861,0
DA:864,0
DA:868,1
DA:872,3
DA:873,3
DA:876,1
DA:877,1
DA:878,1
DA:884,1
LF:329
LH:221
BRDA:54,0,0,2
BRDA:54,0,1,6
BRDA:57,1,0,2
BRDA:57,1,1,0
BRDA:57,2,0,2
BRDA:57,2,1,2
BRDA:60,3,0,2
BRDA:60,3,1,0
BRDA:60,3,2,0
BRDA:60,3,3,0
BRDA:95,4,0,2
BRDA:95,4,1,4
BRDA:97,5,0,2
BRDA:97,5,1,0
BRDA:97,6,0,2
BRDA:97,6,1,2
BRDA:97,6,2,2
BRDA:99,7,0,2
BRDA:99,7,1,0
BRDA:115,8,0,1
BRDA:115,8,1,3
BRDA:119,9,0,1
BRDA:119,9,1,2
BRDA:132,10,0,0
BRDA:132,10,1,2
BRDA:137,11,0,0
BRDA:137,11,1,2
BRDA:151,12,0,2
BRDA:151,12,1,0
BRDA:153,13,0,2
BRDA:153,13,1,0
BRDA:153,14,0,2
BRDA:153,14,1,2
BRDA:155,15,0,2
BRDA:155,15,1,0
BRDA:155,16,0,2
BRDA:155,16,1,2
BRDA:155,16,2,2
BRDA:158,17,0,2
BRDA:158,17,1,0
BRDA:161,18,0,0
BRDA:161,18,1,0
BRDA:186,19,0,0
BRDA:186,19,1,0
BRDA:189,20,0,0
BRDA:189,20,1,0
BRDA:189,21,0,0
BRDA:189,21,1,0
BRDA:191,22,0,0
BRDA:191,22,1,0
BRDA:191,23,0,0
BRDA:191,23,1,0
BRDA:225,24,0,0
BRDA:225,24,1,0
BRDA:225,25,0,0
BRDA:225,25,1,0
BRDA:245,26,0,0
BRDA:245,26,1,0
BRDA:275,27,0,6
BRDA:275,27,1,2
BRDA:287,28,0,1
BRDA:287,28,1,10
BRDA:290,29,0,1
BRDA:290,29,1,9
BRDA:293,30,0,1
BRDA:293,30,1,8
BRDA:296,31,0,1
BRDA:296,31,1,7
BRDA:299,32,0,7
BRDA:299,32,1,0
BRDA:312,33,0,1
BRDA:312,33,1,4
BRDA:315,34,0,1
BRDA:315,34,1,3
BRDA:324,35,0,1
BRDA:324,35,1,2
BRDA:324,36,0,3
BRDA:324,36,1,1
BRDA:325,37,0,1
BRDA:325,37,1,0
BRDA:329,38,0,1
BRDA:329,38,1,0
BRDA:391,39,0,1
BRDA:391,39,1,2
BRDA:391,40,0,3
BRDA:391,40,1,1
BRDA:455,41,0,0
BRDA:455,41,1,2
BRDA:480,42,0,2
BRDA:480,42,1,0
BRDA:517,43,0,1
BRDA:517,43,1,0
BRDA:557,44,0,0
BRDA:558,45,0,0
BRDA:558,45,1,5
BRDA:558,46,0,5
BRDA:558,46,1,5
BRDA:561,47,0,5
BRDA:561,47,1,0
BRDA:562,48,0,5
BRDA:562,48,1,5
BRDA:563,49,0,5
BRDA:563,49,1,1
BRDA:570,50,0,0
BRDA:570,50,1,0
BRDA:581,51,0,5
BRDA:581,51,1,0
BRDA:584,52,0,0
BRDA:584,52,1,0
BRDA:588,53,0,0
BRDA:588,53,1,0
BRDA:592,54,0,0
BRDA:592,54,1,0
BRDA:596,55,0,0
BRDA:596,55,1,0
BRDA:600,56,0,0
BRDA:600,56,1,0
BRDA:609,57,0,5
BRDA:609,57,1,0
BRDA:622,58,0,0
BRDA:622,58,1,4
BRDA:622,59,0,4
BRDA:622,59,1,4
BRDA:632,60,0,1
BRDA:632,60,1,4
BRDA:636,61,0,1
BRDA:636,61,1,0
BRDA:636,61,2,0
BRDA:636,61,3,0
BRDA:657,62,0,1
BRDA:657,62,1,0
BRDA:657,63,0,1
BRDA:657,63,1,1
BRDA:668,64,0,1
BRDA:668,64,1,0
BRDA:668,65,0,1
BRDA:668,65,1,1
BRDA:671,66,0,4
BRDA:671,66,1,0
BRDA:677,67,0,4
BRDA:677,67,1,0
BRDA:677,68,0,4
BRDA:677,68,1,4
BRDA:684,69,0,4
BRDA:684,69,1,0
BRDA:689,70,0,4
BRDA:689,70,1,0
BRDA:689,71,0,4
BRDA:689,71,1,4
BRDA:692,72,0,0
BRDA:692,72,1,0
BRDA:699,73,0,0
BRDA:699,73,1,0
BRDA:705,74,0,0
BRDA:705,74,1,0
BRDA:712,75,0,0
BRDA:712,75,1,0
BRDA:719,76,0,0
BRDA:719,76,1,0
BRDA:721,77,0,0
BRDA:721,77,1,0
BRDA:723,78,0,0
BRDA:723,78,1,0
BRDA:732,79,0,0
BRDA:732,79,1,0
BRDA:739,80,0,0
BRDA:739,80,1,0
BRDA:746,81,0,0
BRDA:746,81,1,0
BRDA:746,82,0,0
BRDA:746,82,1,0
BRDA:759,83,0,0
BRDA:759,83,1,0
BRDA:777,84,0,4
BRDA:777,84,1,1
BRDA:779,85,0,1
BRDA:779,85,1,4
BRDA:782,86,0,1
BRDA:782,86,1,3
BRDA:802,87,0,1
BRDA:802,87,1,2
BRDA:802,88,0,3
BRDA:802,88,1,1
BRDA:804,89,0,1
BRDA:804,89,1,0
BRDA:808,90,0,1
BRDA:808,90,1,0
BRDA:835,91,0,1
BRDA:835,91,1,2
BRDA:835,92,0,3
BRDA:835,92,1,1
BRDA:847,93,0,2
BRDA:847,93,1,1
BRDA:847,94,0,3
BRDA:847,94,1,3
BRDA:851,95,0,4
BRDA:851,95,1,0
BRDA:854,96,0,4
BRDA:854,96,1,0
BRDA:857,97,0,4
BRDA:857,97,1,0
BRDA:857,98,0,4
BRDA:857,98,1,4
BRDA:877,99,0,1
BRDA:877,99,1,0
BRF:205
BRH:112
end_of_record
TN:
SF:middlewares\authMiddleware.js
FN:6,(anonymous_0)
FNF:1
FNH:0
FNDA:0,(anonymous_0)
DA:1,0
DA:2,0
DA:6,0
DA:8,0
DA:9,0
DA:11,0
DA:13,0
DA:15,0
DA:16,0
DA:18,0
DA:19,0
DA:22,0
DA:23,0
DA:26,0
LF:14
LH:0
BRDA:8,0,0,0
BRDA:8,0,1,0
BRDA:8,1,0,0
BRDA:8,1,1,0
BRDA:22,2,0,0
BRDA:22,2,1,0
BRF:6
BRH:0
end_of_record
TN:
SF:middlewares\rateLimiter.js
FN:3,rateLimiter
FN:4,(anonymous_1)
FN:18,(anonymous_2)
FNF:3
FNH:0
FNDA:0,rateLimiter
FNDA:0,(anonymous_1)
FNDA:0,(anonymous_2)
DA:1,0
DA:4,0
DA:6,0
DA:7,0
DA:8,0
DA:10,0
DA:11,0
DA:12,0
DA:13,0
DA:15,0
DA:17,0
DA:18,0
DA:21,0
DA:22,0
DA:23,0
DA:24,0
DA:27,0
DA:28,0
DA:31,0
DA:36,0
DA:37,0
DA:39,0
DA:41,0
DA:42,0
DA:47,0
LF:25
LH:0
BRDA:3,0,0,0
BRDA:3,1,0,0
BRDA:6,2,0,0
BRDA:6,2,1,0
BRDA:11,3,0,0
BRDA:11,3,1,0
BRDA:21,4,0,0
BRDA:21,4,1,0
BRDA:23,5,0,0
BRDA:23,5,1,0
BRDA:27,6,0,0
BRDA:27,6,1,0
BRF:12
BRH:0
end_of_record
TN:
SF:middlewares\uploadMiddleware.js
FN:11,(anonymous_0)
FNF:1
FNH:0
FNDA:0,(anonymous_0)
DA:1,0
DA:2,0
DA:3,0
DA:6,0
DA:12,0
DA:13,0
DA:14,0
DA:20,0
DA:25,0
LF:9
LH:0
BRDA:12,0,0,0
BRDA:12,0,1,0
BRDA:12,0,2,0
BRF:3
BRH:0
end_of_record
TN:
SF:models\Book.js
FNF:0
FNH:0
DA:1,2
DA:3,2
DA:17,2
DA:51,2
DA:54,2
LF:5
LH:5
BRF:0
BRH:0
end_of_record
TN:
SF:models\User.js
FN:31,(anonymous_0)
FN:41,(anonymous_1)
FNF:2
FNH:0
FNDA:0,(anonymous_0)
FNDA:0,(anonymous_1)
DA:1,1
DA:2,1
DA:4,1
DA:31,1
DA:32,0
DA:33,0
DA:35,0
DA:36,0
DA:37,0
DA:41,1
DA:42,0
DA:45,1
LF:12
LH:6
BRDA:32,0,0,0
BRDA:32,0,1,0
BRF:2
BRH:0
end_of_record
TN:
SF:services\cacheService.js
FN:3,(anonymous_0)
FN:20,(anonymous_1)
FN:35,(anonymous_2)
FNF:3
FNH:0
FNDA:0,(anonymous_0)
FNDA:0,(anonymous_1)
FNDA:0,(anonymous_2)
DA:1,1
DA:3,1
DA:5,0
DA:6,0
DA:7,0
DA:10,0
DA:11,0
DA:12,0
DA:14,0
DA:15,0
DA:16,0
DA:20,1
DA:22,0
DA:23,0
DA:24,0
DA:27,0
DA:28,0
DA:30,0
DA:31,0
DA:35,1
DA:37,0
DA:38,0
DA:39,0
DA:42,0
DA:43,0
DA:45,0
DA:46,0
LF:27
LH:4
BRDA:5,0,0,0
BRDA:5,0,1,0
BRDA:12,1,0,0
BRDA:12,1,1,0
BRDA:20,2,0,0
BRDA:22,3,0,0
BRDA:22,3,1,0
BRDA:37,4,0,0
BRDA:37,4,1,0
BRF:9
BRH:0
end_of_record
